SF:lib/presentation/app_router.dart
DA:44,2
DA:45,5
DA:49,1
DA:50,0
DA:53,1
DA:54,2
DA:56,2
DA:58,2
DA:59,2
DA:62,0
DA:63,0
DA:64,0
DA:67,1
DA:72,2
DA:73,3
DA:76,4
DA:77,1
DA:78,1
DA:80,0
DA:83,0
DA:84,3
DA:87,1
DA:88,2
DA:89,0
DA:92,3
DA:93,4
DA:97,2
DA:98,2
DA:99,0
DA:103,1
DA:104,3
DA:107,0
DA:113,0
DA:115,0
DA:116,0
DA:117,0
DA:120,0
DA:121,0
DA:125,0
DA:128,1
DA:134,2
DA:136,1
DA:137,0
DA:138,1
DA:141,0
DA:142,0
DA:146,1
DA:147,1
DA:152,1
DA:159,2
DA:161,1
DA:162,0
DA:165,1
DA:166,1
DA:167,0
DA:172,0
DA:176,0
DA:177,0
DA:179,0
DA:180,0
DA:181,0
DA:184,0
DA:185,0
DA:188,0
DA:189,0
DA:195,1
DA:199,1
DA:201,2
DA:203,1
DA:204,1
DA:205,1
DA:207,0
DA:208,0
DA:212,2
DA:215,0
DA:219,0
DA:220,0
DA:222,0
DA:223,0
DA:224,0
DA:228,0
DA:233,0
DA:234,0
DA:235,0
DA:237,0
DA:238,0
DA:239,0
DA:242,0
DA:243,0
DA:245,0
LF:90
LH:41
end_of_record
SF:lib/presentation/app.dart
DA:14,1
DA:16,1
DA:17,1
DA:21,1
DA:23,1
DA:24,1
DA:27,1
DA:28,1
DA:29,1
DA:30,2
DA:31,3
DA:32,2
DA:33,1
DA:34,1
DA:35,1
DA:36,1
DA:39,1
DA:40,1
DA:41,1
DA:42,2
DA:43,1
DA:44,1
DA:50,1
DA:51,1
DA:53,1
DA:54,1
DA:55,2
DA:57,1
DA:63,1
DA:64,1
LF:30
LH:30
end_of_record
SF:lib/core/base/analytics_mixin.dart
DA:5,4
DA:7,1
DA:8,1
DA:11,0
DA:12,0
DA:14,0
DA:15,0
DA:21,0
DA:22,0
DA:24,0
DA:25,0
DA:31,0
DA:32,0
DA:34,0
DA:35,0
DA:41,0
DA:42,0
DA:45,0
DA:46,0
DA:49,1
DA:51,1
DA:52,1
DA:53,1
DA:54,1
DA:55,1
DA:57,2
DA:62,2
DA:65,0
DA:66,0
DA:69,1
DA:70,1
DA:73,1
DA:74,1
DA:77,1
DA:78,1
DA:80,1
DA:81,1
DA:87,1
DA:88,1
DA:90,1
DA:91,1
DA:98,1
DA:99,1
DA:101,1
DA:102,1
DA:108,0
DA:109,0
DA:111,0
DA:112,0
DA:118,2
DA:122,2
DA:125,1
DA:129,2
DA:131,1
DA:134,2
LF:55
LH:33
end_of_record
SF:lib/core/base/base_controller.dart
DA:12,3
DA:17,1
DA:19,1
DA:20,1
DA:25,1
DA:26,2
DA:29,1
DA:31,1
DA:32,1
DA:35,1
DA:37,1
DA:38,1
DA:41,1
DA:43,1
DA:44,1
DA:47,1
DA:48,2
DA:54,0
DA:55,0
DA:61,0
DA:62,0
DA:70,0
DA:71,0
DA:72,0
DA:75,1
DA:76,2
DA:79,1
DA:84,1
DA:87,1
DA:92,0
DA:95,0
DA:103,1
DA:105,2
DA:108,1
DA:110,2
DA:113,1
DA:115,2
DA:118,0
DA:120,0
DA:125,0
DA:127,0
DA:128,0
DA:129,0
DA:130,0
DA:136,0
DA:138,0
DA:139,0
DA:140,0
DA:141,0
DA:147,0
DA:149,0
DA:150,0
DA:151,0
DA:155,0
DA:158,0
LF:55
LH:28
end_of_record
SF:lib/core/bindings/app_binding.dart
DA:5,3
DA:7,1
DA:8,2
DA:11,1
DA:12,2
DA:15,1
DA:19,2
DA:25,1
DA:29,2
DA:35,1
DA:39,2
DA:45,1
DA:46,2
DA:51,1
DA:52,2
DA:55,1
DA:56,2
LF:17
LH:17
end_of_record
SF:lib/core/bindings/get_binding.dart
DA:5,1
DA:7,3
DA:9,1
DA:11,2
DA:14,1
DA:16,2
DA:19,1
DA:24,2
DA:30,1
DA:35,2
DA:41,1
DA:46,2
DA:52,1
DA:54,2
DA:59,1
DA:61,2
DA:62,1
DA:65,1
DA:67,2
LF:19
LH:19
end_of_record
SF:lib/core/logger/logger.dart
DA:7,3
DA:8,1
DA:12,1
DA:13,2
DA:15,1
DA:19,1
DA:20,2
DA:21,3
DA:24,1
DA:25,2
DA:26,3
DA:29,1
DA:30,2
DA:31,3
DA:34,0
DA:41,0
DA:42,0
DA:44,0
DA:45,0
DA:46,0
DA:50,0
DA:51,0
DA:52,0
DA:56,0
DA:62,0
DA:63,0
DA:65,0
DA:71,0
DA:77,1
DA:78,2
DA:79,3
DA:82,1
DA:83,1
DA:84,2
DA:86,1
DA:87,2
DA:88,0
DA:91,3
LF:38
LH:23
end_of_record
SF:lib/core/listeners/main_listener.dart
DA:9,1
DA:14,1
DA:17,1
DA:18,2
DA:19,0
DA:20,0
DA:21,0
DA:22,0
LF:8
LH:4
end_of_record
SF:lib/core/router/app_navigator_router.dart
DA:6,3
DA:8,0
DA:9,0
DA:12,1
DA:13,2
DA:16,0
DA:17,0
DA:20,0
DA:21,0
DA:24,1
DA:25,2
DA:28,0
DA:33,0
LF:13
LH:5
end_of_record
SF:lib/core/router/get_router.dart
DA:6,1
DA:8,3
DA:10,0
DA:12,0
DA:18,1
DA:24,2
DA:31,0
DA:36,0
DA:42,0
DA:48,0
DA:54,1
DA:60,2
DA:66,0
DA:72,0
DA:73,0
LF:15
LH:6
end_of_record
SF:lib/core/router/app_router_page.dart
DA:5,1
LF:1
LH:1
end_of_record
SF:lib/core/view/app_view.dart
DA:4,1
LF:1
LH:1
end_of_record
SF:lib/data/exceptions/auth_user_exception.dart
DA:4,0
LF:1
LH:0
end_of_record
SF:lib/data/exceptions/base_exception.dart
DA:7,0
DA:12,0
DA:13,0
DA:15,0
DA:17,0
DA:19,0
LF:6
LH:0
end_of_record
SF:lib/data/exceptions/exception_helper.dart
DA:7,0
DA:9,0
DA:10,0
DA:12,0
DA:13,0
DA:15,0
DA:19,0
DA:20,0
DA:21,0
DA:22,0
DA:23,0
DA:24,0
DA:25,0
DA:26,0
DA:27,0
DA:28,0
DA:29,0
DA:30,0
DA:32,0
DA:33,0
LF:20
LH:0
end_of_record
SF:lib/data/exceptions/invalid_token_exception.dart
DA:4,0
LF:1
LH:0
end_of_record
SF:lib/data/exceptions/no_internet_exception.dart
DA:4,0
LF:1
LH:0
end_of_record
SF:lib/data/helpers/date_helper.dart
DA:5,0
DA:6,0
DA:7,0
DA:8,0
DA:9,0
DA:10,0
DA:11,0
DA:12,0
DA:13,0
DA:14,0
DA:16,0
DA:20,0
DA:21,0
DA:23,0
DA:24,0
DA:25,0
DA:26,0
DA:27,0
DA:28,0
DA:29,0
DA:30,0
DA:32,0
DA:36,0
DA:38,0
DA:39,0
DA:40,0
DA:41,0
DA:43,0
DA:44,0
DA:46,0
DA:47,0
DA:49,0
DA:50,0
DA:52,0
DA:53,0
DA:55,0
DA:56,0
DA:58,0
DA:59,0
DA:61,0
DA:62,0
DA:64,0
DA:65,0
DA:67,0
DA:68,0
DA:70,0
DA:71,0
DA:73,0
DA:74,0
DA:80,0
DA:83,0
DA:84,0
DA:85,0
DA:87,0
DA:88,0
DA:90,0
DA:91,0
DA:93,0
DA:94,0
DA:96,0
DA:97,0
DA:99,0
DA:100,0
DA:102,0
DA:103,0
DA:105,0
DA:106,0
DA:108,0
DA:109,0
DA:111,0
DA:112,0
DA:114,0
DA:115,0
DA:117,0
DA:118,0
DA:121,0
DA:125,0
DA:127,0
DA:128,0
DA:129,0
DA:130,0
DA:132,0
DA:133,0
DA:135,0
DA:136,0
DA:138,0
DA:139,0
DA:141,0
DA:142,0
DA:144,0
DA:145,0
DA:147,0
DA:148,0
DA:150,0
DA:151,0
DA:153,0
DA:154,0
DA:156,0
DA:157,0
DA:159,0
DA:160,0
DA:162,0
DA:163,0
DA:166,0
DA:170,0
DA:172,0
DA:175,0
DA:177,0
DA:180,1
DA:182,7
DA:185,0
DA:187,0
DA:190,0
DA:192,0
DA:195,0
DA:197,0
DA:200,0
DA:202,0
DA:205,1
DA:206,3
DA:209,0
DA:210,0
DA:211,0
DA:212,0
DA:213,0
DA:214,0
DA:215,0
DA:217,0
DA:221,0
DA:223,0
DA:226,0
DA:227,0
LF:132
LH:4
end_of_record
SF:lib/data/helpers/money_formatter_helper.dart
DA:7,0
DA:8,0
DA:12,0
DA:13,0
DA:22,0
DA:27,0
DA:29,0
LF:7
LH:0
end_of_record
SF:lib/data/helpers/session_helper.dart
DA:5,1
DA:7,1
DA:9,1
DA:10,1
DA:12,1
DA:13,1
LF:6
LH:6
end_of_record
SF:lib/data/models/app_info_model.dart
DA:4,1
DA:13,1
DA:14,1
DA:15,1
DA:16,1
DA:17,1
DA:18,1
DA:19,1
DA:20,1
DA:24,1
DA:26,2
LF:11
LH:11
end_of_record
SF:lib/domain/entities/app_info_entity.dart
DA:9,1
DA:18,1
DA:19,3
LF:3
LH:3
end_of_record
SF:lib/data/models/device_info_model.dart
DA:4,1
DA:14,1
DA:15,1
DA:16,1
DA:17,1
DA:18,1
DA:19,1
DA:20,1
DA:21,1
DA:22,1
DA:26,1
DA:28,2
LF:12
LH:12
end_of_record
SF:lib/domain/entities/device_info_entity.dart
DA:10,1
LF:1
LH:1
end_of_record
SF:lib/data/models/installation_model.dart
DA:5,0
DA:21,0
DA:23,0
DA:24,0
DA:25,0
DA:26,0
DA:27,0
DA:28,0
DA:29,0
DA:30,0
DA:31,0
DA:32,0
DA:33,0
DA:34,0
DA:35,0
DA:36,0
DA:39,0
DA:42,0
LF:18
LH:0
end_of_record
SF:lib/domain/entities/installation_entity.dart
DA:16,1
DA:32,0
DA:41,0
DA:42,0
DA:43,0
DA:44,0
DA:45,0
DA:46,0
DA:47,0
DA:48,0
DA:49,0
DA:50,0
DA:51,0
DA:52,0
DA:53,0
DA:54,0
DA:58,1
DA:59,1
DA:60,1
DA:61,1
DA:62,1
DA:63,1
DA:64,1
DA:65,1
DA:66,1
DA:67,1
DA:68,1
DA:69,1
DA:70,1
DA:71,1
DA:72,1
DA:76,0
DA:78,0
LF:33
LH:16
end_of_record
SF:lib/data/models/notification_model.dart
DA:5,0
DA:13,0
DA:15,0
DA:16,0
DA:17,0
DA:18,0
DA:19,0
DA:20,0
DA:23,0
DA:26,0
LF:10
LH:0
end_of_record
SF:lib/data/models/occurrence_model.dart
DA:5,0
DA:13,0
DA:15,0
DA:16,0
DA:17,0
DA:18,0
DA:19,0
DA:20,0
DA:23,0
DA:26,0
LF:10
LH:0
end_of_record
SF:lib/data/models/safety_contact_model.dart
DA:5,1
DA:14,1
DA:16,1
DA:17,1
DA:18,1
DA:19,1
DA:20,1
DA:21,1
DA:22,1
DA:25,0
DA:28,0
LF:11
LH:9
end_of_record
SF:lib/data/models/user_model.dart
DA:5,1
DA:20,1
DA:22,3
DA:24,1
DA:26,1
DA:27,1
DA:28,1
DA:29,1
DA:30,1
DA:31,1
DA:32,1
DA:33,1
DA:34,1
DA:35,1
DA:36,3
DA:37,0
DA:38,0
DA:39,0
DA:41,1
DA:42,1
DA:43,1
DA:46,0
DA:49,0
LF:23
LH:18
end_of_record
SF:lib/domain/entities/notification_entity.dart
DA:8,0
DA:16,0
DA:22,0
DA:23,0
DA:24,0
DA:25,0
DA:26,0
DA:27,0
DA:31,0
DA:32,0
DA:33,0
DA:34,0
DA:35,0
DA:36,0
DA:37,0
DA:41,0
DA:43,0
LF:17
LH:0
end_of_record
SF:lib/domain/entities/occurrence_entity.dart
DA:8,0
DA:16,0
DA:23,0
DA:24,0
DA:25,0
DA:26,0
DA:27,0
DA:28,0
DA:32,0
DA:33,0
DA:34,0
DA:35,0
DA:36,0
DA:37,0
DA:38,0
DA:42,0
DA:44,0
LF:17
LH:0
end_of_record
SF:lib/domain/entities/safety_contact_entity.dart
DA:9,1
DA:18,1
DA:22,1
DA:23,1
DA:24,1
DA:25,1
DA:26,1
DA:27,1
DA:28,1
DA:32,1
DA:33,1
DA:34,1
DA:35,1
DA:36,1
DA:37,1
DA:38,1
DA:39,1
DA:43,0
DA:45,0
LF:19
LH:17
end_of_record
SF:lib/domain/entities/user_entity.dart
DA:17,1
DA:32,0
DA:38,0
DA:39,0
DA:40,0
DA:41,0
DA:42,0
DA:43,0
DA:44,0
DA:45,0
DA:46,0
DA:47,0
DA:48,0
DA:49,0
DA:50,0
DA:54,1
DA:55,3
DA:58,0
DA:59,0
DA:60,0
DA:62,0
DA:65,1
DA:66,1
DA:67,1
DA:68,1
DA:69,1
DA:70,1
DA:71,1
DA:72,1
DA:73,1
DA:74,1
DA:75,1
DA:76,3
DA:77,1
DA:78,1
LF:35
LH:17
end_of_record
SF:lib/data/repositories/app_info_repository.dart
DA:8,1
DA:11,1
DA:12,1
DA:15,1
DA:17,1
DA:18,1
DA:20,1
DA:21,1
DA:22,4
DA:23,1
DA:26,0
LF:11
LH:10
end_of_record
SF:lib/data/repositories/app_installation_repository.dart
DA:13,1
DA:23,1
DA:26,2
DA:27,2
DA:29,3
DA:30,2
DA:31,1
DA:33,2
DA:35,1
DA:38,1
DA:40,1
DA:43,1
DA:44,1
DA:45,1
DA:46,1
DA:47,1
DA:48,1
DA:51,0
DA:56,1
DA:59,3
DA:60,0
DA:61,0
DA:63,0
DA:64,0
DA:68,0
DA:71,0
DA:73,0
DA:74,0
DA:75,0
DA:78,0
DA:79,0
DA:81,0
DA:82,0
LF:33
LH:19
end_of_record
SF:lib/data/repositories/app_locale_repository.dart
DA:9,1
DA:13,1
DA:16,2
DA:18,0
DA:19,0
DA:20,0
DA:21,0
DA:25,0
DA:30,0
DA:32,0
LF:10
LH:3
end_of_record
SF:lib/data/repositories/app_permissions_repository.dart
DA:10,0
DA:14,0
DA:15,0
DA:16,0
DA:18,0
DA:20,0
DA:22,0
DA:24,0
DA:28,0
DA:30,0
DA:31,0
DA:33,0
DA:37,0
DA:44,0
DA:49,0
DA:53,0
DA:54,0
DA:55,0
DA:57,0
DA:62,0
DA:64,0
DA:66,0
DA:68,0
DA:70,0
DA:73,0
DA:74,0
DA:75,0
DA:76,0
DA:78,0
DA:80,0
DA:82,0
DA:83,0
DA:85,0
DA:89,0
DA:96,0
LF:35
LH:0
end_of_record
SF:lib/data/repositories/contact_repository.dart
DA:7,0
DA:10,0
DA:11,0
DA:13,0
DA:14,0
DA:15,0
DA:16,0
DA:19,0
DA:20,0
DA:23,0
DA:26,0
LF:11
LH:0
end_of_record
SF:lib/data/repositories/device_info_repository.dart
DA:8,1
DA:11,1
DA:13,3
DA:15,2
DA:16,0
DA:18,0
DA:22,2
DA:23,1
DA:25,2
DA:29,0
DA:30,0
DA:32,0
DA:36,0
DA:37,0
DA:38,0
DA:39,0
DA:40,0
DA:46,0
DA:48,0
DA:53,0
DA:57,0
DA:59,0
DA:60,0
DA:61,0
DA:62,0
DA:64,0
DA:68,1
DA:72,1
DA:75,1
DA:76,2
DA:77,2
DA:79,1
DA:83,0
DA:87,0
DA:91,0
DA:92,0
DA:94,0
DA:98,0
DA:102,0
DA:104,0
DA:106,0
DA:107,0
DA:108,0
DA:110,0
LF:44
LH:13
end_of_record
SF:lib/data/repositories/emergency_repository.dart
DA:9,1
DA:13,1
DA:16,2
DA:17,0
DA:18,0
DA:20,0
DA:21,0
DA:25,0
DA:33,0
DA:39,0
DA:40,0
DA:42,0
DA:43,0
DA:47,0
DA:50,0
DA:52,0
DA:53,0
DA:54,0
DA:57,0
DA:58,0
DA:60,0
DA:61,0
LF:22
LH:3
end_of_record
SF:lib/data/repositories/local_auth_repository.dart
DA:9,0
DA:12,0
DA:13,0
DA:16,0
DA:19,0
DA:24,0
DA:27,0
DA:29,0
DA:32,0
LF:9
LH:0
end_of_record
SF:lib/data/repositories/location_repository.dart
DA:9,0
DA:12,0
DA:13,0
DA:14,0
DA:15,0
DA:16,0
DA:17,0
DA:18,0
DA:19,0
DA:23,0
DA:28,0
DA:31,0
DA:32,0
DA:33,0
DA:34,0
DA:35,0
DA:36,0
DA:37,0
DA:38,0
DA:42,0
LF:20
LH:0
end_of_record
SF:lib/data/repositories/login_repository.dart
DA:9,1
DA:13,1
DA:19,2
DA:24,1
DA:27,0
DA:28,0
DA:30,0
DA:31,0
LF:8
LH:4
end_of_record
SF:lib/data/repositories/logout_repository.dart
DA:9,1
DA:13,1
DA:16,2
DA:17,0
DA:18,0
DA:20,0
DA:21,0
LF:7
LH:3
end_of_record
SF:lib/data/repositories/notification_repository.dart
DA:9,1
DA:13,0
DA:21,0
DA:25,0
DA:27,0
DA:28,0
DA:30,0
DA:31,0
DA:35,0
DA:38,0
DA:40,0
DA:42,0
DA:44,0
DA:45,0
DA:46,0
DA:51,0
DA:52,0
DA:54,0
DA:55,0
DA:59,1
DA:62,3
DA:63,0
DA:64,0
DA:66,0
DA:67,0
DA:71,0
DA:74,0
DA:75,0
DA:76,0
DA:78,0
DA:79,0
DA:83,0
DA:86,0
DA:91,0
DA:92,0
DA:94,0
DA:95,0
LF:37
LH:3
end_of_record
SF:lib/data/repositories/open_url_repository.dart
DA:8,0
DA:11,0
DA:12,0
DA:13,0
DA:15,0
DA:18,0
DA:23,0
DA:26,0
DA:27,0
DA:28,0
DA:33,0
DA:36,0
LF:12
LH:0
end_of_record
SF:lib/data/repositories/recovery_password_repository.dart
DA:9,0
DA:13,0
DA:16,0
DA:17,0
DA:18,0
DA:20,0
DA:21,0
LF:7
LH:0
end_of_record
SF:lib/data/repositories/safety_contact_repository.dart
DA:9,1
DA:13,0
DA:20,0
DA:26,0
DA:29,0
DA:30,0
DA:32,0
DA:33,0
DA:37,1
DA:40,2
DA:42,2
DA:43,1
DA:44,1
DA:47,0
DA:48,0
DA:50,0
DA:51,0
DA:55,0
DA:57,0
LF:19
LH:6
end_of_record
SF:lib/data/repositories/signup_repository.dart
DA:9,0
DA:13,0
DA:21,0
DA:28,0
DA:31,0
DA:32,0
DA:34,0
DA:35,0
LF:8
LH:0
end_of_record
SF:lib/data/repositories/user_auth_local_storage_repository.dart
DA:6,1
DA:10,0
DA:15,0
DA:17,0
DA:20,0
DA:23,1
DA:25,2
DA:26,2
DA:27,1
DA:33,1
DA:35,2
DA:36,2
DA:39,1
DA:41,2
DA:44,1
DA:46,2
DA:49,1
DA:51,2
DA:54,1
DA:56,2
DA:59,1
DA:61,2
DA:64,0
DA:66,0
LF:24
LH:18
end_of_record
SF:lib/data/repositories/user_auth_secure_storage_repository.dart
DA:6,0
DA:10,0
DA:15,0
DA:17,0
DA:20,0
DA:23,0
DA:25,0
DA:26,0
DA:27,0
DA:33,0
DA:35,0
DA:36,0
DA:39,0
DA:41,0
DA:44,0
DA:46,0
DA:49,0
DA:51,0
DA:54,0
DA:56,0
DA:59,0
DA:61,0
DA:64,0
DA:66,0
LF:24
LH:0
end_of_record
SF:lib/data/repositories/user_repository.dart
DA:10,1
DA:16,0
DA:19,0
DA:21,0
DA:23,0
DA:24,0
DA:27,0
DA:30,0
DA:31,0
DA:33,0
DA:34,0
DA:38,0
DA:41,0
DA:43,0
DA:44,0
DA:45,0
DA:46,0
DA:47,0
DA:48,0
DA:49,0
DA:50,0
DA:52,0
DA:53,0
DA:57,0
DA:59,0
DA:62,0
DA:63,0
DA:65,0
DA:66,0
DA:70,0
DA:73,0
DA:74,0
DA:75,0
DA:77,0
DA:78,0
DA:82,0
DA:89,0
DA:95,0
DA:98,0
DA:99,0
DA:101,0
DA:102,0
LF:42
LH:1
end_of_record
SF:lib/data/repositories/users_repository.dart
DA:9,0
DA:13,0
DA:16,0
DA:18,0
DA:19,0
DA:20,0
DA:23,0
DA:24,0
DA:26,0
DA:27,0
LF:10
LH:0
end_of_record
SF:lib/data/repositories/whatsapp_repository.dart
DA:9,0
DA:13,0
DA:19,0
DA:23,0
DA:24,0
DA:26,0
DA:27,0
LF:7
LH:0
end_of_record
SF:lib/data/use_cases/authenticate_biometric_use_case.dart
DA:6,0
DA:10,0
DA:12,0
LF:3
LH:0
end_of_record
SF:lib/data/use_cases/change_password_use_case.dart
DA:8,1
DA:14,0
DA:20,0
DA:26,0
DA:27,0
DA:29,0
DA:30,0
DA:32,0
DA:34,0
LF:9
LH:1
end_of_record
SF:lib/data/use_cases/check_biometrics_use_case.dart
DA:6,0
DA:10,0
DA:12,0
LF:3
LH:0
end_of_record
SF:lib/data/use_cases/check_permission_use_case.dart
DA:6,1
DA:10,1
DA:12,2
LF:3
LH:3
end_of_record
SF:lib/data/use_cases/check_whatsapp_server_use_case.dart
DA:6,1
DA:10,1
DA:12,2
LF:3
LH:3
end_of_record
SF:lib/data/use_cases/count_unread_notifications_use_case.dart
DA:7,1
DA:11,1
DA:13,2
LF:3
LH:3
end_of_record
SF:lib/data/use_cases/create_notification_use_case.dart
DA:6,0
DA:10,0
DA:17,0
LF:3
LH:0
end_of_record
SF:lib/data/use_cases/create_safety_contact_use_case.dart
DA:7,0
DA:11,0
DA:17,0
LF:3
LH:0
end_of_record
SF:lib/data/use_cases/create_user_use_case.dart
DA:10,0
DA:16,0
DA:23,0
DA:30,0
DA:31,0
DA:33,0
DA:34,0
DA:36,0
DA:38,0
LF:9
LH:0
end_of_record
SF:lib/data/use_cases/delete_safety_contact_use_case.dart
DA:6,1
DA:10,0
DA:12,0
LF:3
LH:1
end_of_record
SF:lib/data/use_cases/delete_user_use_case.dart
DA:9,0
DA:15,0
DA:17,0
DA:19,0
DA:20,0
DA:22,0
DA:23,0
LF:7
LH:0
end_of_record
SF:lib/data/use_cases/get_all_users_use_case.dart
DA:6,0
DA:10,0
DA:12,0
LF:3
LH:0
end_of_record
SF:lib/data/use_cases/get_app_info_use_case.dart
DA:9,1
DA:13,1
DA:15,2
DA:17,2
LF:4
LH:4
end_of_record
SF:lib/data/use_cases/get_current_locale_use_case.dart
DA:7,1
DA:11,1
DA:13,2
LF:3
LH:3
end_of_record
SF:lib/data/use_cases/get_current_location_use_case.dart
DA:7,1
DA:13,0
DA:16,0
DA:17,0
DA:18,0
DA:20,0
LF:6
LH:1
end_of_record
SF:lib/data/use_cases/get_device_info_use_case.dart
DA:9,1
DA:13,1
DA:15,2
DA:17,2
LF:4
LH:4
end_of_record
SF:lib/data/use_cases/get_device_locale_use_case.dart
DA:11,1
DA:17,1
DA:20,2
DA:21,2
DA:23,2
DA:24,1
DA:25,0
DA:27,3
DA:28,2
DA:29,1
DA:30,3
DA:31,1
DA:33,0
DA:34,0
DA:35,0
DA:37,0
DA:38,0
DA:39,0
DA:40,0
DA:41,0
LF:20
LH:11
end_of_record
SF:lib/translations/translation.dart
DA:8,1
DA:10,1
DA:11,2
DA:12,2
DA:16,1
DA:17,4
DA:18,2
DA:19,1
DA:20,3
DA:21,1
DA:24,1
DA:25,5
DA:26,2
DA:27,1
DA:28,3
DA:29,1
DA:30,1
LF:17
LH:17
end_of_record
SF:lib/data/use_cases/get_installation_app_use_case.dart
DA:6,1
DA:10,1
DA:12,2
LF:3
LH:3
end_of_record
SF:lib/data/use_cases/get_local_contact_use_case.dart
DA:6,0
DA:10,0
DA:12,0
LF:3
LH:0
end_of_record
SF:lib/data/use_cases/get_user_data_use_case.dart
DA:10,1
DA:16,0
DA:18,0
DA:19,0
DA:21,0
DA:22,0
DA:24,0
DA:25,0
DA:26,0
DA:28,0
DA:29,0
DA:31,0
DA:32,0
DA:36,0
LF:14
LH:1
end_of_record
SF:lib/data/use_cases/get_user_local_data_use_case.dart
DA:9,0
DA:13,0
DA:15,0
DA:16,0
DA:18,0
DA:19,0
DA:20,0
DA:21,0
DA:22,0
DA:23,0
DA:26,0
LF:11
LH:0
end_of_record
SF:lib/data/use_cases/list_safety_contact_use_case.dart
DA:7,1
DA:11,1
DA:13,2
DA:15,2
DA:17,1
LF:5
LH:5
end_of_record
SF:lib/data/use_cases/list_user_installations_use_case.dart
DA:6,0
DA:10,0
DA:12,0
LF:3
LH:0
end_of_record
SF:lib/data/use_cases/list_user_notifications_use_case.dart
DA:6,0
DA:10,0
DA:12,0
LF:3
LH:0
end_of_record
SF:lib/data/use_cases/list_user_occurrencies_use_case.dart
DA:6,0
DA:10,0
DA:12,0
LF:3
LH:0
end_of_record
SF:lib/data/use_cases/local_storage_use_case.dart
DA:8,1
DA:10,1
DA:12,1
DA:14,2
DA:15,0
DA:21,1
DA:23,1
DA:25,1
DA:26,0
DA:28,1
DA:29,0
DA:31,1
DA:32,0
DA:34,1
DA:35,1
DA:37,1
DA:38,0
DA:40,1
DA:41,2
DA:44,0
DA:47,1
DA:49,1
DA:50,1
DA:53,0
DA:55,0
DA:56,0
LF:26
LH:17
end_of_record
SF:lib/data/use_cases/login_use_case.dart
DA:10,1
DA:16,1
DA:21,2
DA:26,1
DA:27,1
DA:29,2
DA:30,3
DA:32,1
DA:34,1
LF:9
LH:9
end_of_record
SF:lib/data/use_cases/logout_use_case.dart
DA:6,1
DA:10,1
DA:12,2
LF:3
LH:3
end_of_record
SF:lib/data/use_cases/open_app_use_case.dart
DA:6,0
DA:10,0
DA:12,0
LF:3
LH:0
end_of_record
SF:lib/data/use_cases/open_web_url_use_case.dart
DA:6,0
DA:10,0
DA:12,0
LF:3
LH:0
end_of_record
SF:lib/data/use_cases/read_notification_use_case.dart
DA:6,0
DA:10,0
DA:12,0
LF:3
LH:0
end_of_record
SF:lib/data/use_cases/recovery_password_use_case.dart
DA:6,0
DA:10,0
DA:12,0
LF:3
LH:0
end_of_record
SF:lib/data/use_cases/request_permission_use_case.dart
DA:6,0
DA:10,0
DA:12,0
LF:3
LH:0
end_of_record
SF:lib/data/use_cases/secure_storage_use_case.dart
DA:10,0
DA:12,0
DA:16,0
DA:17,0
DA:19,0
DA:20,0
DA:22,0
DA:23,0
DA:25,0
DA:28,0
DA:31,0
DA:32,0
DA:38,0
DA:40,0
DA:41,0
DA:44,0
DA:45,0
DA:48,0
DA:49,0
DA:52,0
DA:53,0
DA:56,0
DA:57,0
DA:60,0
DA:61,0
DA:65,0
DA:68,0
DA:70,0
DA:74,0
DA:76,0
LF:30
LH:0
end_of_record
SF:lib/data/use_cases/send_sos_use_case.dart
DA:6,1
DA:10,0
DA:17,0
LF:3
LH:1
end_of_record
SF:lib/data/use_cases/send_whatsapp_code_use_case.dart
DA:6,0
DA:10,0
DA:15,0
LF:3
LH:0
end_of_record
SF:lib/data/use_cases/test_push_notification_use_case.dart
DA:6,0
DA:10,0
DA:12,0
LF:3
LH:0
end_of_record
SF:lib/data/use_cases/track_location_use_case.dart
DA:7,0
DA:13,0
DA:16,0
DA:17,0
DA:18,0
DA:20,0
LF:6
LH:0
end_of_record
SF:lib/data/use_cases/update_locale_use_case.dart
DA:8,1
DA:12,0
DA:14,0
DA:15,0
LF:4
LH:1
end_of_record
SF:lib/data/use_cases/update_user_data_use_case.dart
DA:9,1
DA:13,0
DA:15,0
DA:17,0
LF:4
LH:1
end_of_record
SF:lib/data/use_cases/update_user_locale_use_case.dart
DA:12,1
DA:22,1
DA:25,0
DA:26,0
DA:27,0
DA:28,0
DA:29,0
DA:33,2
DA:35,1
DA:36,3
DA:37,0
DA:38,0
DA:39,0
DA:40,0
DA:41,0
DA:46,0
DA:47,0
DA:48,0
DA:49,0
LF:19
LH:5
end_of_record
SF:lib/data/use_cases/upload_installation_app_use_case.dart
DA:6,1
DA:10,1
DA:12,2
DA:13,2
LF:4
LH:4
end_of_record
SF:lib/data/use_cases/user_auth_storage_use_case.dart
DA:6,1
DA:10,0
DA:15,0
DA:18,1
DA:20,2
DA:23,1
DA:25,2
DA:28,1
DA:30,2
DA:33,1
DA:35,2
DA:38,1
DA:40,2
DA:43,1
DA:45,2
DA:48,1
DA:50,2
DA:53,0
DA:55,0
LF:19
LH:15
end_of_record
SF:lib/design_system/buttons/button_size.dart
DA:11,1
DA:13,0
DA:14,0
LF:3
LH:1
end_of_record
SF:lib/design_system/helpers/responsive_size_helper.dart
DA:22,1
DA:23,2
DA:24,0
DA:26,2
DA:27,0
DA:29,3
DA:32,1
DA:33,2
DA:34,0
DA:36,2
DA:37,0
DA:39,3
DA:42,2
DA:43,4
DA:45,1
DA:46,5
DA:48,4
DA:50,4
DA:52,1
DA:53,4
DA:54,1
DA:55,0
DA:60,1
DA:61,4
DA:62,1
DA:63,0
DA:68,1
DA:69,1
DA:70,3
DA:71,3
DA:72,2
DA:75,2
DA:76,2
LF:33
LH:27
end_of_record
SF:lib/design_system/buttons/flat_button.dart
DA:12,0
DA:23,0
DA:25,0
DA:26,0
DA:27,0
DA:30,0
DA:31,0
DA:32,0
DA:33,0
DA:34,0
DA:35,0
DA:36,0
DA:38,0
DA:39,0
DA:40,0
DA:45,0
DA:47,0
DA:48,0
DA:49,0
DA:52,0
DA:53,0
DA:54,0
DA:56,0
DA:58,0
DA:59,0
DA:60,0
DA:63,0
LF:27
LH:0
end_of_record
SF:lib/design_system/buttons/future_button.dart
DA:12,1
DA:23,1
DA:24,1
DA:30,1
DA:32,1
DA:33,3
DA:34,1
DA:37,1
DA:38,2
DA:39,1
DA:40,2
DA:41,3
DA:42,1
DA:44,1
DA:45,3
DA:47,3
DA:49,1
DA:50,3
DA:56,1
DA:57,2
DA:58,0
DA:59,4
DA:60,1
DA:61,1
DA:64,1
DA:66,2
DA:68,1
DA:69,1
DA:70,1
DA:72,1
DA:74,1
DA:75,4
DA:79,1
DA:80,1
DA:81,2
DA:84,1
DA:86,4
LF:37
LH:36
end_of_record
SF:lib/design_system/buttons/light_button.dart
DA:8,1
DA:15,1
DA:17,1
DA:18,1
DA:21,1
DA:22,1
DA:23,1
DA:24,1
DA:27,1
DA:28,1
DA:29,1
DA:30,1
DA:32,4
DA:35,1
LF:14
LH:14
end_of_record
SF:lib/design_system/buttons/primary_button.dart
DA:12,1
DA:23,1
DA:25,1
DA:26,2
DA:27,1
DA:30,1
DA:31,1
DA:32,1
DA:33,1
DA:37,3
DA:39,1
DA:40,1
DA:41,1
DA:45,1
DA:47,1
DA:48,1
DA:49,1
DA:52,1
DA:53,1
DA:54,0
DA:56,0
DA:58,1
DA:59,1
DA:60,1
DA:63,1
DA:65,4
LF:26
LH:24
end_of_record
SF:lib/design_system/buttons/secondary_button.dart
DA:16,1
DA:28,1
DA:30,1
DA:31,2
DA:32,1
DA:35,1
DA:36,1
DA:37,1
DA:38,1
DA:39,1
DA:40,4
DA:42,1
DA:43,1
DA:46,1
DA:47,1
DA:48,1
DA:51,1
DA:52,1
DA:53,1
DA:54,1
DA:55,1
DA:57,1
DA:59,1
DA:60,1
DA:63,1
DA:65,3
DA:70,1
DA:71,1
DA:73,1
DA:75,4
LF:30
LH:30
end_of_record
SF:lib/design_system/buttons/toggle_button.dart
DA:13,0
DA:23,0
DA:24,0
DA:28,0
DA:30,0
DA:31,0
DA:32,0
DA:33,0
DA:34,0
DA:35,0
DA:36,0
DA:37,0
DA:38,0
DA:39,0
LF:14
LH:0
end_of_record
SF:lib/design_system/checkbox/checkbox_title_widget.dart
DA:12,1
DA:23,1
DA:25,1
DA:26,1
DA:29,1
DA:30,1
DA:31,1
DA:32,1
DA:34,1
DA:35,1
DA:36,1
DA:38,1
DA:39,1
DA:40,1
DA:41,1
DA:42,1
LF:16
LH:16
end_of_record
SF:lib/design_system/checkbox/checkbox_widget.dart
DA:11,1
DA:19,1
DA:20,1
DA:24,1
DA:26,1
DA:27,1
DA:28,1
DA:29,1
DA:31,2
DA:32,0
DA:33,0
DA:34,0
DA:37,4
DA:38,1
DA:40,5
DA:42,1
DA:43,1
DA:45,2
DA:46,1
DA:47,2
DA:48,1
LF:21
LH:18
end_of_record
SF:lib/design_system/colors/app_color.dart
DA:4,1
DA:8,3
DA:9,3
DA:11,0
DA:12,0
DA:14,3
DA:15,0
DA:16,0
DA:17,3
DA:19,3
DA:22,0
DA:23,0
DA:24,3
DA:25,3
DA:27,3
DA:28,3
DA:29,3
DA:30,3
DA:31,3
DA:32,0
DA:34,3
DA:35,3
DA:36,3
DA:37,3
DA:40,3
DA:41,3
DA:42,3
DA:43,3
DA:44,3
DA:45,3
LF:30
LH:23
end_of_record
SF:lib/design_system/helpers/spacer_widget.dart
DA:9,1
DA:15,1
DA:17,1
DA:18,3
DA:19,3
LF:5
LH:5
end_of_record
SF:lib/design_system/icons/app_icons.dart
DA:9,1
DA:16,1
DA:18,3
DA:19,1
DA:20,2
DA:21,1
DA:22,4
DA:25,2
DA:26,2
DA:29,0
DA:30,0
DA:31,0
DA:32,0
DA:33,0
DA:34,0
DA:44,1
DA:46,0
DA:47,2
LF:18
LH:11
end_of_record
SF:lib/design_system/icons/flutter_icons.dart
DA:11,1
DA:19,1
DA:21,1
DA:22,1
DA:23,1
DA:24,2
DA:25,4
DA:28,1
DA:29,1
DA:30,1
DA:31,2
DA:33,1
DA:34,1
LF:13
LH:13
end_of_record
SF:lib/design_system/icons/icon_size.dart
DA:23,1
DA:25,3
LF:2
LH:2
end_of_record
SF:lib/design_system/input/auto_complete_field_widget.dart
DA:26,0
DA:46,0
DA:47,0
DA:51,0
DA:53,0
DA:76,0
DA:78,0
DA:79,0
DA:80,0
DA:81,0
DA:82,0
DA:83,0
DA:86,0
DA:89,0
DA:91,0
DA:92,0
DA:93,0
DA:96,0
DA:97,0
DA:104,0
DA:105,0
DA:106,0
DA:107,0
DA:108,0
DA:109,0
DA:110,0
DA:111,0
DA:114,0
DA:115,0
DA:116,0
DA:118,0
DA:119,0
DA:120,0
DA:121,0
DA:122,0
DA:128,0
DA:129,0
DA:131,0
DA:132,0
DA:133,0
DA:136,0
DA:137,0
DA:138,0
DA:139,0
DA:140,0
DA:141,0
DA:142,0
DA:143,0
DA:145,0
DA:149,0
DA:150,0
DA:151,0
DA:152,0
DA:153,0
DA:156,0
DA:158,0
DA:159,0
DA:162,0
DA:164,0
DA:165,0
DA:166,0
DA:167,0
DA:168,0
DA:170,0
DA:171,0
DA:172,0
DA:173,0
DA:174,0
DA:175,0
DA:177,0
DA:178,0
DA:180,0
DA:181,0
DA:182,0
DA:183,0
DA:186,0
DA:187,0
DA:188,0
DA:193,0
DA:195,0
DA:196,0
DA:197,0
DA:201,0
DA:203,0
DA:204,0
DA:205,0
DA:206,0
DA:207,0
DA:211,0
DA:212,0
DA:213,0
DA:214,0
DA:215,0
DA:218,0
DA:219,0
DA:220,0
DA:221,0
DA:222,0
DA:224,0
DA:225,0
DA:226,0
DA:227,0
DA:228,0
DA:229,0
DA:233,0
DA:234,0
DA:235,0
DA:236,0
DA:242,0
DA:243,0
DA:246,0
DA:247,0
DA:249,0
DA:251,0
DA:252,0
DA:253,0
DA:256,0
DA:257,0
DA:258,0
DA:260,0
DA:277,0
DA:278,0
DA:279,0
DA:280,0
DA:281,0
DA:282,0
DA:283,0
DA:285,0
DA:286,0
DA:287,0
DA:288,0
DA:289,0
DA:291,0
DA:293,0
DA:294,0
DA:295,0
DA:298,0
DA:299,0
DA:300,0
DA:302,0
DA:304,0
DA:305,0
DA:306,0
DA:318,0
DA:320,0
DA:322,0
DA:323,0
DA:324,0
DA:326,0
DA:328,0
DA:329,0
DA:330,0
DA:334,0
DA:335,0
DA:336,0
DA:339,0
DA:342,0
DA:343,0
DA:344,0
DA:345,0
DA:346,0
DA:347,0
DA:349,0
DA:350,0
DA:353,0
DA:354,0
DA:355,0
DA:356,0
DA:360,0
DA:361,0
DA:362,0
DA:363,0
DA:365,0
DA:367,0
DA:369,0
DA:372,0
DA:376,0
DA:377,0
DA:378,0
DA:380,0
DA:391,0
DA:392,0
DA:415,0
DA:416,0
DA:417,0
DA:420,0
DA:423,0
DA:424,0
DA:425,0
DA:426,0
DA:427,0
DA:428,0
DA:429,0
DA:430,0
DA:432,0
DA:433,0
DA:434,0
DA:436,0
DA:437,0
DA:438,0
DA:439,0
DA:440,0
DA:442,0
DA:443,0
DA:444,0
DA:448,0
DA:449,0
DA:450,0
DA:451,0
DA:452,0
DA:455,0
DA:457,0
DA:458,0
DA:459,0
DA:460,0
DA:491,0
DA:498,0
DA:499,0
DA:501,0
DA:503,0
DA:504,0
DA:505,0
DA:506,0
DA:508,0
DA:509,0
DA:512,0
DA:514,0
DA:515,0
LF:228
LH:0
end_of_record
SF:lib/design_system/input/formatters/blocked_cursor_input_formatter.dart
DA:4,0
DA:9,0
DA:10,0
DA:11,0
DA:13,0
DA:15,0
DA:16,0
DA:18,0
DA:21,0
DA:23,0
LF:10
LH:0
end_of_record
SF:lib/design_system/input/phone_field_widget.dart
DA:35,0
DA:59,0
DA:60,0
DA:64,0
DA:66,0
DA:67,0
DA:70,0
DA:73,0
DA:74,0
DA:75,0
DA:77,0
DA:78,0
DA:79,0
DA:90,0
DA:92,0
DA:93,0
DA:95,0
DA:97,0
DA:98,0
DA:105,0
DA:107,0
DA:108,0
DA:109,0
DA:110,0
DA:112,0
DA:118,0
DA:120,0
DA:126,0
DA:127,0
DA:130,0
DA:132,0
DA:133,0
DA:134,0
DA:136,0
DA:139,0
DA:140,0
DA:141,0
DA:143,0
DA:144,0
DA:145,0
DA:146,0
DA:148,0
DA:149,0
DA:150,0
DA:151,0
DA:153,0
DA:154,0
DA:155,0
DA:156,0
DA:158,0
DA:160,0
DA:162,0
DA:163,0
DA:164,0
DA:165,0
DA:167,0
DA:168,0
DA:169,0
DA:170,0
DA:198,0
DA:199,0
DA:200,0
DA:203,0
DA:207,0
DA:209,0
DA:210,0
DA:211,0
DA:220,0
DA:221,0
DA:223,0
LF:70
LH:0
end_of_record
SF:lib/design_system/input/pin_field_widget.dart
DA:12,0
DA:21,0
DA:23,0
DA:24,0
DA:25,0
DA:28,0
DA:32,0
DA:33,0
DA:34,0
DA:35,0
DA:38,0
DA:41,0
DA:42,0
DA:43,0
DA:44,0
DA:46,0
DA:49,0
DA:52,0
DA:55,0
DA:58,0
DA:59,0
DA:60,0
DA:61,0
DA:63,0
DA:66,0
DA:68,0
DA:70,0
DA:71,0
LF:28
LH:0
end_of_record
SF:lib/design_system/input/text_field_widget.dart
DA:48,1
DA:87,3
DA:88,1
DA:92,1
DA:93,1
DA:105,1
DA:107,1
DA:108,3
DA:109,4
DA:110,3
DA:111,4
DA:112,3
DA:115,1
DA:117,1
DA:118,3
DA:119,3
DA:120,2
DA:124,1
DA:125,2
DA:126,2
DA:130,1
DA:131,1
DA:132,2
DA:133,5
DA:134,4
DA:135,3
DA:136,2
DA:142,1
DA:144,1
DA:145,1
DA:148,1
DA:151,1
DA:152,2
DA:153,1
DA:155,1
DA:156,2
DA:157,1
DA:168,1
DA:169,2
DA:170,2
DA:171,2
DA:172,1
DA:173,2
DA:174,2
DA:175,1
DA:176,1
DA:177,2
DA:178,2
DA:179,2
DA:180,2
DA:182,2
DA:183,2
DA:184,2
DA:185,4
DA:186,1
DA:187,1
DA:189,2
DA:195,0
DA:196,0
DA:197,0
DA:199,0
DA:201,2
DA:202,2
DA:203,1
DA:206,2
DA:208,2
DA:209,2
DA:210,1
DA:212,4
DA:215,1
DA:216,1
DA:217,2
DA:219,2
DA:220,1
DA:221,1
DA:222,2
DA:224,2
DA:225,1
DA:226,1
DA:227,2
DA:229,2
DA:230,1
DA:231,1
DA:232,2
DA:234,1
DA:236,1
DA:238,2
DA:239,1
DA:240,1
DA:241,2
DA:243,2
DA:244,1
DA:245,1
DA:246,2
DA:248,2
DA:253,2
DA:254,2
DA:255,1
DA:256,1
DA:257,1
DA:258,0
DA:259,1
DA:261,1
DA:262,1
DA:265,2
DA:267,0
DA:268,0
LF:107
LH:100
end_of_record
SF:lib/design_system/switch/switch_title_widget.dart
DA:12,0
DA:23,0
DA:25,0
DA:26,0
DA:29,0
DA:30,0
DA:31,0
DA:32,0
DA:33,0
DA:34,0
DA:35,0
DA:38,0
DA:40,0
DA:41,0
LF:14
LH:0
end_of_record
SF:lib/design_system/switch/switch_widget.dart
DA:11,0
DA:17,0
DA:18,0
DA:22,0
DA:24,0
DA:29,0
DA:31,0
DA:32,0
DA:33,0
DA:47,0
DA:48,0
DA:49,0
DA:50,0
LF:13
LH:0
end_of_record
SF:lib/design_system/text/text_rich_widget.dart
DA:12,1
DA:20,1
DA:22,1
DA:23,1
DA:24,1
DA:25,1
DA:26,2
DA:27,3
DA:28,1
DA:29,1
DA:30,1
DA:31,1
DA:32,0
DA:34,1
DA:35,1
DA:36,0
LF:16
LH:14
end_of_record
SF:lib/design_system/text/text_size.dart
DA:19,1
DA:21,3
LF:2
LH:2
end_of_record
SF:lib/design_system/text/text_style.dart
DA:8,1
DA:16,1
DA:17,1
DA:18,1
DA:19,4
DA:21,2
DA:24,1
DA:32,1
DA:33,1
DA:34,1
DA:35,4
DA:37,2
DA:40,1
DA:48,1
DA:49,1
DA:50,1
DA:51,4
DA:53,2
DA:56,1
DA:64,1
DA:65,1
DA:66,1
DA:67,4
DA:69,2
DA:72,1
DA:80,1
DA:81,1
DA:82,1
DA:83,0
DA:85,2
DA:88,1
DA:96,1
DA:97,1
DA:98,1
DA:99,4
DA:101,2
DA:104,0
DA:111,0
DA:112,0
DA:113,0
DA:114,0
DA:117,0
DA:120,0
DA:128,0
DA:129,0
DA:130,0
DA:131,0
DA:133,0
LF:48
LH:35
end_of_record
SF:lib/design_system/text/text_widget.dart
DA:13,2
DA:23,1
DA:25,1
DA:26,1
DA:27,1
DA:28,2
DA:29,1
DA:30,1
DA:31,1
LF:9
LH:9
end_of_record
SF:lib/design_system/themes/app_theme_controller.dart
DA:12,1
DA:14,1
DA:17,0
DA:18,0
DA:20,1
DA:22,1
DA:23,1
DA:24,4
DA:27,0
DA:29,0
DA:30,0
DA:32,0
DA:35,1
DA:36,1
DA:37,2
DA:38,1
DA:39,3
DA:40,0
DA:43,2
DA:44,2
DA:46,3
DA:49,0
DA:51,0
DA:52,0
DA:53,0
DA:54,0
DA:55,0
DA:56,0
DA:57,0
DA:60,0
DA:61,0
DA:62,0
DA:63,0
DA:64,0
DA:65,0
LF:35
LH:14
end_of_record
SF:lib/design_system/themes/theme_controller.dart
DA:4,2
DA:5,3
DA:6,3
DA:8,3
DA:9,1
DA:10,1
DA:11,1
LF:7
LH:7
end_of_record
SF:lib/design_system/themes/dark_theme.dart
DA:7,1
DA:8,1
DA:10,1
DA:11,1
DA:12,1
DA:13,1
DA:14,1
DA:17,1
DA:19,1
DA:20,1
DA:27,1
DA:29,1
DA:32,1
DA:33,1
DA:35,1
DA:36,1
DA:39,1
DA:40,1
DA:41,1
DA:42,1
DA:44,1
DA:45,1
DA:46,1
DA:48,1
DA:49,1
DA:57,1
DA:58,2
DA:59,2
DA:60,2
DA:62,1
DA:63,1
DA:65,1
DA:66,1
DA:68,1
DA:69,1
DA:71,1
DA:72,1
DA:73,1
DA:74,1
DA:75,1
DA:77,1
DA:81,4
DA:82,4
DA:83,4
LF:44
LH:44
end_of_record
SF:lib/design_system/themes/light_theme.dart
DA:7,1
DA:8,1
DA:10,1
DA:11,1
DA:12,1
DA:13,1
DA:14,1
DA:17,1
DA:18,1
DA:19,1
DA:26,1
DA:28,1
DA:31,1
DA:32,1
DA:34,1
DA:35,1
DA:38,1
DA:39,1
DA:40,1
DA:41,1
DA:43,1
DA:44,1
DA:45,1
DA:47,1
DA:48,1
DA:56,1
DA:57,2
DA:58,2
DA:59,2
DA:61,1
DA:62,1
DA:64,1
DA:65,1
DA:67,1
DA:68,1
DA:70,1
DA:71,1
DA:73,1
DA:74,1
DA:75,1
DA:76,1
DA:77,1
DA:79,1
DA:83,4
DA:85,1
LF:45
LH:45
end_of_record
SF:lib/design_system/widgets/app_bar/app_bar_widget.dart
DA:17,1
DA:31,1
DA:32,1
DA:34,1
DA:36,1
DA:37,1
DA:38,1
DA:39,1
DA:40,1
DA:41,1
DA:42,1
DA:43,1
DA:45,4
DA:48,0
DA:49,1
DA:50,1
DA:51,2
DA:52,1
DA:53,1
DA:54,1
DA:55,2
DA:56,1
DA:58,1
DA:59,1
DA:60,1
DA:61,2
DA:64,1
DA:65,0
DA:67,0
DA:70,0
DA:72,0
DA:79,1
DA:80,1
DA:81,3
LF:34
LH:29
end_of_record
SF:lib/design_system/widgets/notifications/badges_widget.dart
DA:9,1
DA:17,1
DA:19,1
DA:21,1
DA:22,3
DA:23,1
DA:24,1
DA:25,1
DA:26,1
DA:27,1
DA:28,2
DA:30,1
DA:31,2
DA:33,2
DA:35,1
DA:36,2
DA:39,1
DA:40,1
DA:41,4
DA:43,1
LF:20
LH:20
end_of_record
SF:lib/design_system/widgets/bottom_sheet/bottom_sheet_widget.dart
DA:4,0
DA:13,0
DA:18,0
DA:19,0
DA:20,0
DA:21,0
DA:22,0
DA:25,0
DA:26,0
DA:27,0
DA:28,0
DA:30,0
DA:31,0
DA:33,0
DA:35,0
DA:37,0
DA:38,0
DA:39,0
DA:44,0
DA:49,0
DA:56,0
LF:21
LH:0
end_of_record
SF:lib/design_system/widgets/captcha/captcha.dart
DA:6,0
DA:7,0
DA:8,0
DA:10,0
DA:11,0
DA:12,0
DA:17,0
LF:7
LH:0
end_of_record
SF:lib/design_system/widgets/captcha/captcha_widget.dart
DA:8,0
DA:13,0
DA:14,0
DA:22,0
DA:24,0
DA:25,0
DA:26,0
DA:27,0
DA:30,0
DA:32,0
DA:33,0
DA:34,0
DA:35,0
DA:37,0
DA:38,0
DA:39,0
DA:41,0
DA:43,0
DA:44,0
DA:45,0
DA:46,0
DA:47,0
DA:50,0
DA:52,0
DA:54,0
DA:55,0
DA:57,0
DA:61,0
DA:62,0
DA:63,0
DA:66,0
DA:67,0
DA:69,0
DA:70,0
DA:71,0
DA:72,0
DA:73,0
DA:74,0
DA:76,0
DA:77,0
DA:78,0
DA:79,0
DA:85,0
LF:43
LH:0
end_of_record
SF:lib/design_system/widgets/dialog/dialog_widget.dart
DA:6,0
DA:11,0
DA:12,0
DA:14,0
DA:15,0
DA:17,0
DA:18,0
DA:21,0
DA:29,0
DA:31,0
DA:34,0
DA:35,0
DA:37,0
DA:38,0
DA:40,0
DA:42,0
DA:44,0
DA:48,0
DA:52,0
DA:53,0
DA:57,0
DA:58,0
DA:60,0
DA:62,0
DA:64,0
DA:75,1
DA:82,1
DA:83,1
DA:85,1
DA:86,1
DA:88,1
DA:89,1
DA:92,1
DA:100,1
DA:102,1
DA:105,1
DA:106,1
DA:108,1
DA:109,1
DA:111,1
DA:113,1
DA:115,0
DA:119,1
DA:121,1
DA:124,1
DA:125,1
DA:127,1
DA:130,1
DA:131,1
DA:133,1
DA:134,1
DA:136,1
DA:138,0
DA:139,0
DA:142,1
DA:144,1
DA:146,1
DA:147,1
DA:152,1
DA:163,0
DA:164,0
DA:165,0
DA:168,0
DA:169,0
DA:171,0
DA:172,0
DA:175,0
DA:183,0
DA:185,0
DA:188,0
DA:189,0
DA:191,0
DA:192,0
DA:194,0
DA:196,0
DA:198,0
DA:202,0
DA:203,0
DA:204,0
DA:217,0
DA:221,0
DA:223,0
DA:224,0
DA:226,0
DA:227,0
DA:230,0
DA:238,0
LF:87
LH:31
end_of_record
SF:lib/design_system/widgets/drawer/drawer_web_widget.dart
DA:6,0
DA:11,0
DA:13,0
DA:14,0
DA:15,0
DA:16,0
DA:17,0
DA:22,0
DA:23,0
DA:24,0
DA:25,0
DA:26,0
DA:27,0
DA:28,0
DA:29,0
LF:15
LH:0
end_of_record
SF:lib/design_system/widgets/image/image_widget.dart
DA:10,1
DA:15,1
DA:17,1
DA:18,1
DA:20,1
DA:21,1
DA:22,1
DA:24,1
DA:31,1
DA:32,2
DA:34,0
DA:35,0
DA:36,0
DA:38,0
DA:39,0
LF:15
LH:10
end_of_record
SF:lib/design_system/widgets/keyboard/keyboard_visibilty_widget.dart
DA:9,1
DA:15,1
DA:17,1
DA:24,1
DA:26,1
DA:27,2
DA:28,2
DA:31,1
DA:33,2
DA:34,1
DA:37,1
DA:39,1
DA:40,1
DA:43,1
DA:44,3
DA:45,1
DA:50,1
DA:51,3
DA:52,0
DA:53,0
DA:57,1
DA:59,2
LF:22
LH:20
end_of_record
SF:lib/design_system/widgets/navigator/bottom_navigator_widget.dart
DA:10,1
DA:17,1
DA:18,1
DA:24,1
DA:26,1
DA:27,0
DA:28,0
DA:29,0
DA:32,1
DA:33,1
DA:34,1
DA:35,1
DA:37,3
DA:38,1
DA:39,1
DA:40,2
DA:45,1
DA:47,6
DA:48,1
DA:49,2
DA:50,1
DA:51,1
DA:52,1
DA:53,2
DA:54,5
DA:58,1
DA:65,1
DA:71,1
DA:72,3
DA:73,3
DA:74,1
DA:75,1
DA:76,1
DA:77,1
DA:78,1
DA:81,2
DA:82,1
DA:83,1
DA:84,1
DA:88,1
DA:89,1
DA:91,1
DA:92,2
DA:93,1
DA:94,1
DA:97,1
DA:98,1
DA:101,2
DA:102,1
DA:103,1
DA:104,2
DA:105,1
DA:106,1
DA:123,1
LF:54
LH:51
end_of_record
SF:lib/design_system/widgets/navigator/navigator_router_widget.dart
DA:17,1
DA:25,1
DA:26,1
DA:30,1
DA:32,1
DA:33,5
DA:34,2
DA:36,3
DA:37,2
DA:41,1
DA:43,1
DA:44,2
DA:45,1
DA:48,1
DA:50,1
DA:52,1
DA:53,1
DA:54,2
DA:55,3
DA:56,6
DA:57,3
DA:58,1
DA:61,2
DA:62,1
DA:63,2
DA:64,2
DA:65,2
DA:71,1
DA:72,1
DA:73,2
DA:74,1
DA:75,1
DA:76,1
DA:78,1
DA:79,1
DA:80,2
DA:81,1
DA:82,1
DA:84,1
DA:85,1
DA:86,1
DA:87,1
DA:88,1
DA:89,1
DA:94,5
DA:95,1
DA:97,1
DA:98,1
DA:100,1
DA:102,2
DA:106,0
DA:107,0
DA:109,0
DA:110,0
DA:111,0
DA:112,0
DA:113,0
DA:114,0
DA:122,1
DA:128,2
DA:129,1
DA:130,1
DA:132,1
DA:133,1
DA:134,1
DA:135,1
DA:136,1
DA:137,1
DA:142,1
DA:144,2
DA:145,3
DA:148,0
DA:150,2
DA:152,1
DA:153,1
DA:156,3
DA:158,1
DA:159,4
DA:161,2
DA:162,1
DA:163,1
DA:165,1
DA:166,1
DA:167,1
DA:168,1
DA:169,1
DA:170,1
DA:175,3
DA:177,1
DA:181,2
DA:185,0
DA:189,0
DA:191,0
DA:192,0
DA:195,0
DA:197,0
LF:96
LH:81
end_of_record
SF:lib/presentation/app_module.dart
DA:21,0
DA:22,0
DA:23,0
DA:24,0
DA:25,0
DA:29,3
DA:30,1
DA:31,1
DA:32,2
DA:33,1
DA:36,1
DA:37,1
DA:38,0
DA:39,1
DA:42,1
DA:43,1
DA:44,1
DA:45,1
DA:47,1
DA:48,0
DA:49,1
DA:52,1
DA:53,1
DA:54,0
DA:55,0
DA:59,1
DA:60,1
DA:61,0
DA:62,0
DA:66,1
DA:67,1
DA:68,2
DA:69,1
DA:70,2
DA:72,1
DA:73,1
DA:74,0
DA:75,1
DA:77,1
DA:78,1
DA:79,0
DA:80,1
DA:82,1
DA:83,1
DA:84,0
DA:85,1
DA:87,1
DA:88,1
DA:89,2
DA:90,1
DA:91,2
DA:94,1
DA:95,1
DA:96,0
DA:97,1
DA:98,2
LF:56
LH:41
end_of_record
SF:lib/design_system/widgets/notifications/notification_badges_widget.dart
DA:7,1
DA:13,1
DA:15,1
DA:17,1
DA:18,1
DA:19,1
DA:21,1
DA:22,2
DA:23,1
DA:24,1
DA:25,2
LF:11
LH:11
end_of_record
SF:lib/design_system/widgets/permission/permission_request_widget.dart
DA:9,0
DA:14,0
DA:16,0
DA:24,0
DA:26,0
DA:28,0
DA:29,0
DA:30,0
DA:31,0
DA:33,0
DA:36,0
DA:37,0
DA:38,0
DA:41,0
DA:42,0
DA:43,0
DA:45,0
DA:47,0
DA:48,0
DA:49,0
DA:51,0
DA:53,0
DA:54,0
DA:55,0
DA:56,0
DA:58,0
DA:59,0
DA:61,0
DA:63,0
DA:64,0
DA:68,0
DA:69,0
DA:70,0
DA:71,0
DA:79,0
DA:80,0
DA:81,0
DA:83,0
DA:85,0
DA:94,0
DA:96,0
DA:99,0
DA:101,0
LF:43
LH:0
end_of_record
SF:lib/design_system/widgets/scaffold/scaffold_widget.dart
DA:27,1
DA:45,2
DA:46,1
DA:49,1
DA:50,1
DA:56,1
DA:58,2
DA:59,3
DA:64,0
DA:65,0
DA:66,0
DA:68,0
DA:70,0
DA:71,0
DA:72,0
DA:74,0
DA:80,0
DA:81,0
DA:82,0
DA:83,0
DA:85,0
DA:86,0
DA:87,0
DA:90,0
DA:91,0
DA:93,0
DA:101,1
DA:103,1
DA:104,1
DA:105,1
DA:106,1
DA:107,1
DA:108,1
DA:109,0
DA:110,1
DA:111,2
DA:112,2
DA:113,4
DA:114,1
DA:115,2
DA:116,2
DA:117,2
DA:118,2
DA:119,2
DA:120,2
DA:121,2
DA:122,2
DA:123,2
DA:124,2
DA:127,2
DA:128,1
DA:129,2
DA:130,2
DA:133,2
DA:136,2
LF:55
LH:36
end_of_record
SF:lib/design_system/widgets/scroll/scroll_view_widget.dart
DA:6,1
DA:11,1
DA:12,1
DA:18,1
DA:20,1
DA:21,2
DA:24,1
DA:26,1
DA:27,1
DA:31,4
LF:10
LH:10
end_of_record
SF:lib/design_system/widgets/snack_bar/snack_bar_widget.dart
DA:6,0
DA:7,0
DA:8,0
DA:11,0
DA:14,0
DA:15,0
LF:6
LH:0
end_of_record
SF:lib/design_system/widgets/states/loading_widget.dart
DA:4,0
DA:6,0
DA:8,0
DA:9,0
LF:4
LH:0
end_of_record
SF:lib/design_system/widgets/states/scroll_state_widget.dart
DA:16,1
DA:29,1
DA:31,2
DA:32,2
DA:33,2
DA:35,3
DA:36,4
DA:37,1
DA:39,2
DA:42,2
DA:43,1
DA:45,1
DA:46,1
DA:47,1
DA:48,2
DA:50,1
DA:51,1
DA:56,0
DA:59,0
DA:61,3
DA:62,0
DA:63,0
DA:65,0
DA:66,0
DA:67,0
DA:68,0
DA:70,0
DA:71,0
DA:72,0
DA:73,0
DA:79,2
DA:80,0
DA:81,0
DA:83,0
DA:84,0
DA:85,0
DA:86,0
DA:92,1
DA:93,2
DA:94,0
DA:95,0
DA:97,1
DA:98,1
DA:99,1
DA:101,2
DA:103,1
DA:104,2
DA:105,2
DA:107,0
DA:108,0
LF:50
LH:28
end_of_record
SF:lib/design_system/widgets/states/state_widget.dart
DA:13,0
DA:23,0
LF:2
LH:0
end_of_record
SF:lib/design_system/widgets/web_view/web_view_widget.dart
DA:7,0
DA:13,0
DA:14,0
DA:23,0
DA:25,0
DA:29,0
DA:31,0
DA:32,0
DA:34,0
DA:35,0
DA:36,0
DA:37,0
DA:38,0
DA:39,0
DA:142,0
DA:143,0
DA:144,0
DA:145,0
DA:146,0
DA:147,0
DA:148,0
LF:21
LH:0
end_of_record
SF:lib/domain/entities/environment_entity.dart
DA:9,1
LF:1
LH:1
end_of_record
SF:lib/domain/entities/local_contact_entity.dart
DA:5,0
DA:10,0
DA:12,0
LF:3
LH:0
end_of_record
SF:lib/domain/entities/location_entity.dart
DA:9,0
DA:18,0
DA:20,0
LF:3
LH:0
end_of_record
SF:lib/domain/entities/session_entity.dart
DA:4,1
LF:1
LH:1
end_of_record
SF:lib/infra/data_sources/app_installation_data_source.dart
DA:7,1
DA:11,1
DA:14,1
DA:15,1
DA:19,2
DA:20,0
DA:25,0
DA:28,0
DA:29,0
DA:30,0
DA:35,0
DA:37,0
DA:39,0
DA:41,0
DA:42,0
LF:15
LH:5
end_of_record
SF:lib/infra/data_sources/emergency_data_source.dart
DA:7,1
DA:11,1
DA:14,1
DA:15,1
DA:18,2
DA:20,1
DA:22,1
DA:24,1
DA:25,0
DA:30,0
DA:38,0
DA:39,0
DA:40,0
DA:48,0
DA:50,0
DA:52,0
DA:54,0
DA:57,0
DA:62,0
DA:65,0
DA:66,0
DA:69,0
DA:71,0
DA:73,0
DA:75,0
DA:76,0
LF:26
LH:8
end_of_record
SF:lib/infra/data_sources/login_data_source.dart
DA:7,1
DA:11,1
DA:17,1
DA:22,1
DA:23,1
DA:27,2
DA:29,1
DA:31,1
DA:32,0
LF:9
LH:8
end_of_record
SF:lib/infra/data_sources/logout_data_source.dart
DA:7,1
DA:11,1
DA:14,1
DA:15,1
DA:18,2
DA:19,0
LF:6
LH:5
end_of_record
SF:lib/infra/data_sources/notification_data_source.dart
DA:7,1
DA:11,0
DA:19,0
DA:26,0
DA:27,0
DA:31,0
DA:32,0
DA:37,0
DA:40,0
DA:41,0
DA:44,0
DA:46,0
DA:48,0
DA:50,0
DA:51,0
DA:56,1
DA:78,1
DA:80,1
DA:81,1
DA:82,1
DA:87,2
DA:89,1
DA:91,3
DA:92,0
DA:97,0
DA:100,0
DA:101,0
DA:102,0
DA:107,0
DA:108,0
DA:113,0
DA:116,0
DA:117,0
DA:118,0
DA:125,0
DA:126,0
LF:36
LH:9
end_of_record
SF:lib/infra/data_sources/recovery_password_data_source.dart
DA:7,0
DA:11,0
DA:14,0
DA:15,0
DA:16,0
DA:21,0
DA:22,0
LF:7
LH:0
end_of_record
SF:lib/infra/data_sources/safety_contact_data_source.dart
DA:7,1
DA:11,0
DA:18,0
DA:19,0
DA:20,0
DA:27,0
DA:29,0
DA:31,0
DA:32,0
DA:37,1
DA:40,1
DA:41,1
DA:42,1
DA:47,2
DA:49,1
DA:51,4
DA:53,1
DA:54,0
DA:59,0
DA:62,0
DA:63,0
DA:64,0
DA:69,0
DA:71,0
DA:73,0
DA:74,0
LF:26
LH:9
end_of_record
SF:lib/infra/data_sources/signup_data_source.dart
DA:7,0
DA:11,0
DA:19,0
DA:20,0
DA:21,0
DA:29,0
DA:31,0
DA:33,0
DA:34,0
LF:9
LH:0
end_of_record
SF:lib/infra/data_sources/user_data_source.dart
DA:7,1
DA:11,0
DA:14,0
DA:15,0
DA:18,0
DA:20,0
DA:23,0
DA:28,0
DA:34,0
DA:35,0
DA:36,0
DA:40,0
DA:41,0
DA:46,0
DA:51,0
DA:52,0
DA:53,0
DA:56,0
DA:57,0
DA:62,0
DA:69,0
DA:75,0
DA:76,0
DA:80,0
DA:82,0
DA:84,0
DA:85,0
LF:27
LH:1
end_of_record
SF:lib/infra/data_sources/users_data_source.dart
DA:7,0
DA:11,0
DA:14,0
DA:15,0
DA:21,0
DA:23,0
DA:25,0
DA:27,0
DA:28,0
LF:9
LH:0
end_of_record
SF:lib/infra/data_sources/whatsapp_data_source.dart
DA:7,0
DA:11,0
DA:17,0
DA:18,0
DA:19,0
DA:25,0
DA:26,0
LF:7
LH:0
end_of_record
SF:lib/infra/http/exceptions/http_exceptions.dart
DA:7,0
LF:1
LH:0
end_of_record
SF:lib/infra/http/http_client.dart
DA:15,1
DA:21,2
DA:22,1
DA:23,1
DA:29,3
DA:30,4
DA:32,2
DA:35,0
DA:38,0
DA:40,0
DA:41,0
DA:42,0
DA:43,0
DA:46,0
DA:47,0
DA:48,0
DA:52,1
DA:55,5
DA:57,2
DA:58,1
DA:59,1
DA:60,1
DA:63,1
DA:64,0
DA:65,0
DA:69,0
DA:72,0
DA:74,0
DA:75,0
DA:76,0
DA:77,0
DA:80,0
DA:81,0
DA:82,0
DA:86,0
DA:89,0
DA:91,0
DA:92,0
DA:93,0
DA:94,0
DA:97,0
DA:98,0
DA:99,0
DA:103,0
DA:104,0
DA:105,0
DA:106,0
DA:107,0
DA:108,0
DA:112,1
DA:114,0
DA:120,1
DA:121,1
DA:122,1
DA:123,1
DA:124,2
LF:56
LH:20
end_of_record
SF:lib/infra/http/http_request.dart
DA:7,1
LF:1
LH:1
end_of_record
SF:lib/infra/http/http_response.dart
DA:7,1
LF:1
LH:1
end_of_record
SF:lib/infra/http/interceptors/auth_token_interceptor.dart
DA:6,1
DA:8,1
DA:9,1
DA:10,1
DA:11,3
DA:12,1
DA:16,1
LF:7
LH:7
end_of_record
SF:lib/infra/http/interceptors/cache_interceptor.dart
DA:13,1
DA:17,4
DA:19,1
DA:21,2
DA:22,2
DA:23,2
DA:24,2
DA:25,2
DA:28,1
DA:31,0
DA:33,0
DA:39,0
DA:40,0
DA:41,0
DA:42,0
DA:43,0
DA:45,0
DA:46,0
DA:47,0
DA:48,0
DA:51,0
DA:59,0
DA:62,1
DA:63,1
DA:64,2
DA:65,1
DA:68,1
DA:69,1
DA:72,1
DA:73,0
DA:74,0
DA:77,1
DA:80,1
DA:81,3
LF:34
LH:19
end_of_record
SF:lib/infra/http/interceptors/headers_interceptor.dart
DA:9,1
DA:13,1
DA:20,2
DA:21,1
DA:24,3
DA:25,2
DA:26,2
DA:31,2
DA:34,2
DA:37,1
LF:10
LH:10
end_of_record
SF:lib/infra/http/interceptors/log_interceptor.dart
DA:6,1
DA:11,2
DA:12,3
DA:13,1
DA:14,1
DA:15,1
DA:18,1
DA:21,1
DA:23,2
DA:24,2
DA:25,3
DA:26,1
DA:27,1
DA:30,1
DA:33,0
DA:35,0
DA:36,0
DA:37,0
DA:38,0
DA:39,0
DA:40,0
DA:43,0
LF:22
LH:14
end_of_record
SF:lib/infra/http/interceptors/unauthenticated_interceptor.dart
DA:16,1
DA:26,0
DA:28,0
DA:30,0
DA:32,0
DA:37,0
DA:38,0
DA:43,0
DA:45,0
DA:46,0
DA:49,0
DA:51,0
DA:53,0
DA:56,0
DA:58,0
DA:59,0
DA:63,0
DA:71,0
LF:18
LH:1
end_of_record
SF:lib/presentation/about/about_bindings.dart
DA:5,0
DA:7,0
DA:8,0
LF:3
LH:0
end_of_record
SF:lib/presentation/about/about_controller.dart
DA:6,0
DA:7,0
DA:10,0
DA:11,0
LF:4
LH:0
end_of_record
SF:lib/presentation/about/about_module.dart
DA:7,3
DA:8,1
DA:9,1
DA:10,0
DA:11,1
LF:5
LH:4
end_of_record
SF:lib/presentation/about/about_page.dart
DA:6,0
DA:8,0
DA:9,0
DA:10,0
DA:11,0
DA:12,0
DA:13,0
DA:15,0
DA:16,0
DA:17,0
DA:19,0
DA:22,0
DA:23,0
DA:24,0
DA:28,0
DA:29,0
DA:30,0
DA:32,0
DA:34,0
DA:35,0
DA:36,0
DA:38,0
DA:40,0
DA:41,0
DA:44,0
DA:48,0
LF:26
LH:0
end_of_record
SF:lib/presentation/admin/admin_bindings.dart
DA:6,0
DA:8,0
DA:10,0
DA:11,0
DA:14,0
DA:15,0
DA:16,0
LF:7
LH:0
end_of_record
SF:lib/presentation/admin/admin_controller.dart
DA:16,0
DA:32,0
DA:34,0
DA:36,0
DA:39,0
DA:42,0
DA:43,0
DA:44,0
DA:45,0
DA:46,0
DA:47,0
DA:48,0
DA:49,0
DA:54,0
DA:61,0
DA:62,0
DA:63,0
DA:64,0
DA:65,0
DA:66,0
DA:70,0
DA:72,0
DA:73,0
DA:74,0
DA:75,0
DA:78,0
DA:79,0
DA:81,0
DA:82,0
LF:29
LH:0
end_of_record
SF:lib/presentation/admin/admin_page.dart
DA:9,0
DA:11,0
DA:12,0
DA:13,0
DA:14,0
DA:15,0
DA:16,0
DA:17,0
DA:19,0
DA:22,0
DA:23,0
DA:24,0
DA:25,0
DA:26,0
DA:28,0
DA:29,0
DA:30,0
DA:32,0
DA:34,0
DA:35,0
LF:20
LH:0
end_of_record
SF:lib/presentation/admin/widgets/drawer_admin_widget.dart
DA:7,0
DA:9,0
DA:11,0
DA:13,0
DA:14,0
DA:15,0
DA:17,0
DA:18,0
DA:19,0
DA:20,0
DA:21,0
DA:22,0
DA:25,0
DA:26,0
DA:27,0
DA:28,0
DA:30,0
DA:32,0
DA:33,0
DA:34,0
DA:44,0
DA:48,0
DA:49,0
DA:50,0
DA:51,0
DA:52,0
DA:54,0
DA:55,0
DA:56,0
DA:57,0
DA:58,0
DA:59,0
DA:60,0
DA:61,0
DA:67,0
DA:69,0
DA:71,0
DA:72,0
DA:73,0
DA:75,0
DA:76,0
DA:77,0
DA:79,0
DA:80,0
DA:88,0
DA:89,0
DA:90,0
LF:47
LH:0
end_of_record
SF:lib/presentation/admin_user_details/admin_user_details_bindings.dart
DA:5,0
DA:7,0
DA:8,0
DA:9,0
LF:4
LH:0
end_of_record
SF:lib/presentation/admin_user_details/admin_user_details_controller.dart
DA:10,0
DA:14,0
DA:15,0
DA:18,0
DA:19,0
DA:22,0
DA:23,0
DA:26,0
LF:8
LH:0
end_of_record
SF:lib/presentation/admin_user_details/admin_user_details_module.dart
DA:9,0
DA:10,0
DA:11,0
DA:12,0
DA:13,0
DA:14,0
DA:15,0
DA:16,0
LF:8
LH:0
end_of_record
SF:lib/presentation/admin_user_details/admin_user_details_page.dart
DA:8,0
DA:10,0
DA:11,0
DA:12,0
DA:13,0
DA:14,0
DA:15,0
DA:17,0
DA:18,0
DA:19,0
DA:21,0
DA:24,0
DA:25,0
DA:26,0
DA:27,0
DA:28,0
DA:29,0
DA:31,0
DA:32,0
DA:33,0
DA:34,0
DA:36,0
DA:37,0
DA:43,0
DA:45,0
DA:46,0
DA:47,0
DA:49,0
DA:53,0
DA:54,0
DA:60,0
DA:62,0
DA:63,0
DA:64,0
DA:66,0
DA:70,0
DA:71,0
DA:76,0
DA:77,0
DA:79,0
DA:80,0
DA:81,0
DA:83,0
DA:87,0
DA:88,0
DA:89,0
DA:91,0
DA:94,0
DA:96,0
DA:97,0
DA:98,0
DA:100,0
DA:103,0
DA:105,0
DA:106,0
DA:107,0
DA:109,0
DA:113,0
DA:115,0
LF:59
LH:0
end_of_record
SF:lib/presentation/app_bindings.dart
DA:13,1
DA:15,1
DA:16,1
DA:20,1
DA:21,3
DA:25,1
DA:26,1
DA:30,1
DA:31,1
DA:35,2
DA:36,1
DA:37,0
DA:38,0
DA:41,1
DA:42,1
DA:46,1
DA:47,2
DA:48,1
DA:52,1
DA:53,1
DA:57,1
DA:58,1
DA:59,1
DA:71,1
DA:72,1
DA:83,1
DA:84,1
DA:86,1
DA:87,1
DA:88,1
DA:89,1
DA:97,2
DA:98,1
DA:99,1
DA:100,1
DA:101,1
DA:102,1
DA:109,2
DA:110,1
DA:111,0
DA:112,1
DA:113,1
DA:114,2
DA:115,2
DA:117,1
DA:118,2
DA:119,2
DA:124,1
DA:125,2
DA:126,1
DA:129,1
DA:130,2
DA:131,1
DA:134,1
DA:135,2
DA:136,1
DA:140,1
DA:141,2
DA:143,1
DA:144,2
DA:145,1
DA:149,1
DA:150,2
DA:152,1
DA:153,2
DA:154,1
DA:158,1
DA:159,2
DA:160,1
DA:161,1
DA:165,1
DA:166,0
DA:168,1
DA:169,0
DA:170,0
DA:173,1
DA:174,0
DA:175,0
DA:179,1
DA:180,0
DA:182,1
DA:183,0
DA:184,0
DA:187,1
DA:188,2
DA:189,1
DA:193,1
DA:194,2
DA:195,1
DA:198,1
DA:199,2
DA:200,1
DA:203,1
DA:204,2
DA:205,1
DA:209,1
DA:210,2
DA:211,1
DA:214,1
DA:215,2
DA:216,1
DA:217,1
DA:220,1
DA:221,2
DA:222,1
DA:223,1
DA:227,1
DA:228,2
DA:229,1
DA:233,1
DA:234,2
DA:235,1
DA:236,1
DA:237,1
DA:238,1
DA:242,1
DA:243,2
DA:246,1
DA:247,2
DA:248,1
DA:249,1
DA:253,1
DA:254,0
DA:255,0
DA:256,0
DA:260,1
DA:261,2
DA:262,1
DA:265,1
DA:266,2
DA:267,1
DA:268,1
DA:269,1
DA:270,1
DA:273,1
DA:274,2
DA:275,1
DA:278,1
DA:279,2
DA:280,1
DA:284,1
DA:285,2
DA:286,1
DA:289,1
DA:290,2
DA:291,1
DA:294,1
DA:295,2
DA:296,1
DA:300,1
DA:301,1
LF:151
LH:137
end_of_record
SF:lib/presentation/blocking/blocking_bindings.dart
DA:5,0
DA:7,0
DA:8,0
DA:9,0
DA:10,0
DA:11,0
DA:12,0
LF:7
LH:0
end_of_record
SF:lib/presentation/blocking/blocking_controller.dart
DA:11,0
DA:23,0
DA:25,0
DA:26,0
DA:29,0
DA:32,0
DA:33,0
DA:38,0
DA:40,0
DA:41,0
DA:43,0
DA:44,0
DA:45,0
DA:46,0
LF:14
LH:0
end_of_record
SF:lib/presentation/blocking/blocking_module.dart
DA:7,3
DA:8,1
DA:9,1
DA:10,0
DA:11,1
LF:5
LH:4
end_of_record
SF:lib/presentation/blocking/blocking_page.dart
DA:6,0
DA:8,0
DA:9,0
DA:10,0
DA:11,0
DA:12,0
DA:13,0
DA:15,0
DA:19,0
DA:20,0
DA:21,0
DA:23,0
DA:25,0
DA:26,0
DA:30,0
DA:31,0
DA:32,0
DA:33,0
DA:34,0
DA:40,0
LF:20
LH:0
end_of_record
SF:lib/presentation/change_password/change_password_bindings.dart
DA:7,1
DA:9,1
DA:10,2
DA:11,1
DA:12,1
DA:16,1
DA:17,1
DA:18,1
LF:8
LH:8
end_of_record
SF:lib/presentation/change_password/change_password_controller.dart
DA:7,1
DA:13,0
DA:14,0
DA:15,0
DA:20,0
DA:24,0
DA:25,0
DA:27,0
DA:28,0
DA:33,0
DA:37,0
DA:38,0
DA:40,0
DA:41,0
DA:46,0
DA:50,0
DA:51,0
LF:17
LH:1
end_of_record
SF:lib/presentation/change_password/change_password_module.dart
DA:7,3
DA:8,1
DA:9,1
DA:10,2
DA:11,1
LF:5
LH:5
end_of_record
SF:lib/presentation/change_password/change_password_page.dart
DA:11,1
DA:13,1
DA:14,1
DA:15,1
DA:16,1
DA:17,1
DA:18,1
DA:20,1
DA:21,1
DA:22,1
DA:24,1
DA:25,1
DA:26,1
DA:29,1
DA:30,1
DA:31,1
DA:35,1
DA:36,2
DA:40,1
DA:41,1
DA:45,1
DA:46,0
DA:47,0
DA:50,0
DA:56,1
DA:57,1
DA:61,0
DA:62,0
DA:64,0
DA:70,1
DA:71,1
DA:75,0
DA:76,0
DA:77,0
DA:80,0
DA:82,0
DA:85,0
DA:90,0
DA:92,0
DA:93,0
DA:95,0
DA:96,0
DA:98,0
DA:99,0
DA:101,0
DA:102,0
DA:108,1
LF:47
LH:26
end_of_record
SF:lib/presentation/contacts/contacts_bindings.dart
DA:8,1
DA:10,1
DA:11,3
DA:13,1
DA:14,3
DA:16,1
DA:17,2
DA:18,1
DA:21,1
DA:22,2
DA:23,1
DA:27,1
DA:28,1
DA:29,1
DA:30,1
LF:15
LH:15
end_of_record
SF:lib/presentation/contacts/contacts_controller.dart
DA:10,1
DA:20,1
DA:21,1
DA:23,1
DA:25,1
DA:26,1
DA:29,1
DA:30,2
DA:31,2
DA:33,2
DA:34,2
DA:36,0
DA:38,2
DA:42,0
DA:43,0
DA:44,0
DA:45,0
DA:46,0
DA:49,0
DA:50,0
DA:51,0
DA:52,0
LF:22
LH:12
end_of_record
SF:lib/presentation/contacts/contacts_module.dart
DA:9,3
DA:10,1
DA:11,1
DA:12,2
DA:13,1
DA:14,1
DA:15,1
DA:16,1
LF:8
LH:8
end_of_record
SF:lib/presentation/contacts/contacts_page.dart
DA:10,0
DA:14,0
DA:15,0
DA:16,0
DA:19,1
DA:21,1
DA:22,1
DA:23,1
DA:26,1
DA:27,2
DA:28,2
DA:29,2
DA:30,2
DA:31,1
DA:32,1
DA:33,2
DA:35,2
DA:36,1
DA:37,1
DA:39,2
DA:43,1
DA:44,1
DA:46,3
DA:48,2
LF:24
LH:20
end_of_record
SF:lib/presentation/contacts/widgets/safety_contact_widget.dart
DA:12,1
DA:18,1
DA:19,1
DA:25,1
DA:27,1
DA:28,1
DA:29,1
DA:30,1
DA:31,2
DA:36,1
DA:37,0
DA:45,1
DA:46,3
DA:49,1
DA:50,3
DA:53,1
DA:54,0
DA:56,0
DA:58,0
DA:59,0
DA:63,1
DA:65,1
DA:66,0
DA:67,0
DA:68,0
DA:70,0
DA:72,0
DA:74,0
DA:76,0
DA:78,0
DA:79,0
DA:80,0
DA:82,0
DA:83,0
DA:85,0
DA:86,0
DA:88,0
DA:89,0
DA:94,0
DA:95,0
LF:40
LH:17
end_of_record
SF:lib/presentation/delete_account/delete_account_bindings.dart
DA:7,0
DA:9,0
DA:10,0
DA:11,0
DA:12,0
DA:16,0
DA:17,0
LF:7
LH:0
end_of_record
SF:lib/presentation/delete_account/delete_account_controller.dart
DA:13,0
DA:17,0
DA:18,0
LF:3
LH:0
end_of_record
SF:lib/presentation/delete_account/delete_account_module.dart
DA:7,3
DA:8,1
DA:9,1
DA:10,0
DA:11,1
LF:5
LH:4
end_of_record
SF:lib/presentation/delete_account/delete_account_page.dart
DA:7,0
DA:9,0
DA:10,0
DA:11,0
DA:12,0
DA:13,0
DA:14,0
DA:16,0
DA:17,0
DA:18,0
DA:20,0
DA:21,0
DA:22,0
DA:25,0
DA:28,0
DA:29,0
DA:30,0
DA:32,0
DA:37,0
DA:39,0
DA:44,0
DA:45,0
DA:47,0
DA:52,0
DA:53,0
DA:55,0
DA:57,0
DA:58,0
DA:60,0
DA:62,0
DA:63,0
DA:64,0
DA:66,0
DA:67,0
DA:75,0
DA:82,0
DA:83,0
DA:85,0
DA:86,0
DA:88,0
DA:89,0
LF:41
LH:0
end_of_record
SF:lib/presentation/emergency/emergency_bindings.dart
DA:9,1
DA:11,1
DA:12,2
DA:13,1
DA:16,1
DA:17,2
DA:18,1
DA:21,1
DA:22,2
DA:23,1
DA:26,1
DA:27,2
DA:28,1
DA:32,1
DA:33,1
DA:34,1
DA:35,1
DA:36,1
DA:38,1
LF:19
LH:19
end_of_record
SF:lib/presentation/emergency/emergency_controller.dart
DA:17,1
DA:42,1
DA:43,1
DA:45,1
DA:47,1
DA:48,1
DA:51,1
DA:53,2
DA:54,4
DA:56,0
DA:60,0
DA:62,0
DA:63,0
DA:64,0
DA:74,0
DA:75,0
DA:80,0
DA:82,0
DA:83,0
DA:84,0
DA:90,0
DA:91,0
DA:92,0
DA:104,0
DA:105,0
DA:106,0
DA:110,0
DA:111,0
DA:118,0
DA:122,0
DA:128,0
DA:129,0
DA:130,0
DA:133,0
DA:134,0
DA:135,0
DA:136,0
DA:137,0
DA:138,0
DA:143,0
DA:148,0
DA:149,0
DA:150,0
DA:152,0
DA:153,0
DA:154,0
DA:155,0
DA:156,0
DA:159,0
DA:160,0
DA:163,0
DA:166,0
DA:167,0
LF:53
LH:9
end_of_record
SF:lib/presentation/emergency/emergency_module.dart
DA:10,3
DA:11,1
DA:12,1
DA:13,2
DA:14,1
DA:15,1
DA:16,1
DA:17,1
LF:8
LH:8
end_of_record
SF:lib/presentation/emergency/emergency_page.dart
DA:9,1
DA:11,1
DA:12,1
DA:13,1
DA:16,1
DA:20,1
DA:21,1
DA:22,2
DA:23,1
DA:26,2
DA:27,3
DA:28,3
DA:30,0
DA:33,0
DA:35,0
DA:37,0
DA:39,0
DA:40,0
DA:45,0
DA:47,0
DA:48,0
DA:49,0
DA:51,0
DA:53,0
DA:57,0
DA:58,0
DA:60,0
DA:61,0
DA:68,2
DA:69,1
DA:70,3
DA:71,2
DA:74,1
DA:76,1
DA:78,1
DA:79,3
DA:81,1
LF:37
LH:21
end_of_record
SF:lib/presentation/emergency/widgets/ripple/ripple_animation.dart
DA:17,1
DA:28,1
DA:29,1
DA:36,1
DA:38,1
DA:39,4
DA:50,1
DA:52,4
DA:53,1
DA:56,1
DA:58,1
DA:59,1
DA:61,1
DA:62,1
DA:63,4
DA:64,1
DA:65,2
DA:66,2
DA:71,1
DA:72,1
DA:73,3
DA:74,2
DA:76,1
DA:77,3
DA:78,3
DA:83,1
DA:89,1
DA:90,1
DA:92,3
DA:93,3
DA:95,1
DA:96,3
DA:106,1
DA:107,3
DA:108,1
DA:109,1
DA:110,1
DA:111,1
DA:112,2
DA:113,3
DA:119,1
DA:120,2
DA:121,1
DA:122,3
DA:126,1
DA:128,3
DA:129,1
DA:130,1
DA:131,2
DA:132,5
DA:133,7
DA:134,3
DA:140,0
DA:142,0
DA:143,0
DA:145,0
DA:146,0
DA:147,0
DA:150,0
DA:151,0
DA:154,0
DA:155,0
LF:62
LH:52
end_of_record
SF:lib/presentation/emergency/widgets/server_status_widget.dart
DA:7,1
DA:13,1
DA:15,1
DA:16,1
DA:17,1
DA:18,1
DA:19,1
DA:20,1
DA:22,1
DA:26,1
DA:27,1
DA:28,1
DA:29,1
DA:30,1
DA:32,1
DA:33,1
DA:34,1
DA:35,1
DA:36,0
DA:39,1
DA:40,1
DA:41,1
DA:43,1
LF:23
LH:22
end_of_record
SF:lib/presentation/emergency/widgets/ripple/circle_painter.dart
DA:11,1
DA:14,1
DA:16,0
DA:17,0
DA:18,0
DA:19,0
DA:20,0
DA:21,0
DA:22,0
DA:23,0
DA:26,0
DA:28,0
DA:29,0
DA:30,0
DA:34,0
LF:15
LH:2
end_of_record
SF:lib/presentation/emergency/widgets/ripple/curve_wave.dart
DA:7,1
DA:9,1
DA:11,1
DA:14,0
LF:4
LH:3
end_of_record
SF:lib/presentation/emergency_history/emergency_history_bindings.dart
DA:8,0
DA:10,0
DA:11,0
DA:12,0
DA:16,0
DA:17,0
DA:18,0
LF:7
LH:0
end_of_record
SF:lib/presentation/emergency_history/emergency_history_controller.dart
DA:7,0
DA:15,0
DA:17,0
DA:18,0
DA:21,0
DA:22,0
DA:23,0
DA:25,0
DA:27,0
DA:29,0
LF:10
LH:0
end_of_record
SF:lib/presentation/emergency_history/emergency_history_module.dart
DA:6,3
DA:7,1
DA:8,1
DA:9,0
DA:10,1
LF:5
LH:4
end_of_record
SF:lib/presentation/emergency_history/emergency_history_page.dart
DA:6,0
DA:8,0
DA:9,0
DA:10,0
DA:11,0
DA:12,0
DA:13,0
DA:15,0
DA:16,0
DA:17,0
DA:19,0
DA:22,0
DA:23,0
LF:13
LH:0
end_of_record
SF:lib/presentation/home/home_bindings.dart
DA:6,1
DA:8,2
DA:10,1
DA:11,1
LF:4
LH:4
end_of_record
SF:lib/presentation/home/home_controller.dart
DA:8,1
DA:10,1
DA:11,1
DA:14,0
DA:16,0
DA:17,0
DA:18,0
DA:19,0
DA:20,0
DA:21,0
DA:22,0
DA:23,0
DA:28,1
DA:29,3
DA:30,2
DA:31,1
DA:32,1
DA:33,0
LF:18
LH:8
end_of_record
SF:lib/presentation/home/home_page.dart
DA:12,1
DA:14,1
DA:16,1
DA:18,0
DA:19,1
DA:20,1
DA:21,1
DA:22,1
DA:23,1
DA:25,2
DA:26,2
DA:27,1
DA:32,2
DA:33,1
DA:35,1
DA:36,1
DA:39,3
DA:41,1
DA:45,3
DA:48,1
DA:50,1
DA:51,1
DA:54,3
DA:56,1
DA:60,3
DA:63,1
DA:65,1
DA:66,1
DA:69,3
DA:71,1
DA:75,3
LF:31
LH:30
end_of_record
SF:lib/presentation/intro/intro_bindings.dart
DA:5,0
DA:7,0
DA:8,0
DA:9,0
DA:10,0
LF:5
LH:0
end_of_record
SF:lib/presentation/intro/intro_controller.dart
DA:13,0
DA:14,0
DA:20,0
DA:26,0
DA:28,0
DA:29,0
DA:30,0
DA:33,0
DA:34,0
DA:35,0
DA:36,0
DA:40,0
DA:41,0
DA:44,0
DA:45,0
DA:46,0
DA:51,0
DA:52,0
DA:54,0
DA:55,0
DA:60,0
DA:61,0
DA:63,0
DA:64,0
DA:69,0
DA:70,0
DA:71,0
DA:72,0
DA:75,0
DA:78,0
DA:79,0
DA:80,0
DA:81,0
DA:82,0
DA:83,0
DA:87,0
DA:88,0
DA:89,0
DA:90,0
DA:91,0
DA:92,0
DA:94,0
DA:95,0
DA:101,0
DA:102,0
DA:103,0
DA:104,0
DA:105,0
DA:106,0
DA:108,0
DA:109,0
DA:115,0
DA:116,0
DA:117,0
DA:118,0
DA:119,0
DA:120,0
DA:122,0
DA:123,0
DA:129,0
DA:130,0
LF:61
LH:0
end_of_record
SF:lib/presentation/intro/intro_module.dart
DA:7,3
DA:8,1
DA:9,1
DA:10,0
DA:11,1
LF:5
LH:4
end_of_record
SF:lib/presentation/intro/intro_page.dart
DA:13,0
DA:15,0
DA:16,0
DA:17,0
DA:18,0
DA:20,0
DA:21,0
DA:22,0
DA:24,0
DA:25,0
DA:26,0
DA:27,0
DA:28,0
DA:29,0
DA:30,0
DA:31,0
DA:33,0
DA:36,0
DA:37,0
DA:38,0
DA:40,0
DA:41,0
DA:42,0
DA:44,0
DA:45,0
DA:46,0
DA:47,0
DA:49,0
DA:50,0
DA:53,0
DA:55,0
DA:56,0
DA:57,0
DA:59,0
DA:61,0
DA:64,0
DA:66,0
DA:68,0
LF:38
LH:0
end_of_record
SF:lib/presentation/intro/page_view/app_tracking_page_view.dart
DA:7,0
DA:12,0
DA:13,0
DA:17,0
DA:19,0
DA:20,0
DA:23,0
DA:25,0
DA:27,0
DA:28,0
DA:29,0
DA:31,0
DA:32,0
DA:35,0
DA:36,0
DA:38,0
DA:40,0
DA:41,0
LF:18
LH:0
end_of_record
SF:lib/presentation/intro/page_view/location_page_view.dart
DA:7,0
DA:12,0
DA:13,0
DA:17,0
DA:19,0
DA:20,0
DA:23,0
DA:25,0
DA:27,0
DA:28,0
DA:29,0
DA:31,0
DA:32,0
DA:35,0
DA:36,0
DA:38,0
DA:40,0
DA:41,0
LF:18
LH:0
end_of_record
SF:lib/presentation/intro/page_view/push_notification_page_view.dart
DA:7,0
DA:12,0
DA:14,0
DA:18,0
DA:20,0
DA:21,0
DA:24,0
DA:26,0
DA:28,0
DA:29,0
DA:30,0
DA:32,0
DA:33,0
DA:36,0
DA:37,0
DA:39,0
DA:41,0
DA:42,0
LF:18
LH:0
end_of_record
SF:lib/presentation/login/login_bindings.dart
DA:10,1
DA:12,1
DA:13,3
DA:15,1
DA:16,3
DA:18,1
DA:19,2
DA:20,1
DA:21,1
DA:25,1
DA:26,1
DA:27,1
DA:28,1
DA:29,1
DA:30,1
DA:31,1
DA:32,1
LF:17
LH:17
end_of_record
SF:lib/presentation/login/login_controller.dart
DA:17,1
DA:37,1
DA:39,1
DA:40,1
DA:43,1
DA:48,1
DA:50,2
DA:55,2
DA:56,2
DA:58,3
DA:59,1
DA:61,3
DA:63,2
DA:64,0
DA:66,1
DA:69,2
DA:70,0
DA:72,1
DA:73,1
DA:75,0
DA:79,0
DA:84,0
DA:85,0
DA:86,0
DA:89,0
DA:90,0
DA:91,0
DA:94,1
DA:95,2
DA:96,2
DA:99,2
DA:101,1
DA:102,1
DA:104,3
DA:105,3
DA:108,0
DA:112,0
DA:118,1
DA:119,2
DA:122,0
DA:123,0
DA:124,0
DA:125,0
DA:128,1
DA:129,1
DA:130,0
DA:135,1
DA:136,1
DA:137,0
LF:49
LH:31
end_of_record
SF:lib/presentation/login/login_page.dart
DA:9,1
DA:11,1
DA:12,3
DA:13,1
DA:14,1
DA:15,1
DA:16,1
DA:18,1
DA:19,1
DA:20,1
DA:22,1
DA:23,1
DA:24,1
DA:28,1
DA:29,1
DA:30,1
DA:31,1
DA:33,1
DA:34,2
DA:35,3
DA:36,1
DA:38,1
DA:40,1
DA:41,1
DA:42,3
DA:43,2
DA:47,1
DA:48,2
DA:49,3
DA:50,1
DA:52,1
DA:54,1
DA:55,1
DA:56,3
DA:57,2
DA:62,1
DA:63,2
DA:64,1
DA:66,1
DA:67,3
DA:69,2
DA:72,1
DA:73,1
DA:74,1
DA:77,1
DA:80,1
DA:81,1
DA:82,1
DA:84,1
DA:85,2
DA:91,1
DA:92,1
DA:94,1
DA:96,1
DA:97,3
DA:98,3
DA:101,5
DA:102,1
DA:103,3
DA:104,1
DA:107,2
DA:111,0
DA:112,0
DA:114,0
DA:115,0
DA:121,1
DA:122,1
DA:124,1
DA:126,2
DA:128,1
LF:70
LH:66
end_of_record
SF:lib/presentation/middlewares/auth_middleware.dart
DA:7,1
DA:9,1
DA:10,1
DA:11,0
DA:13,1
DA:14,1
DA:15,2
DA:16,0
DA:20,1
DA:21,2
DA:22,0
DA:23,0
DA:26,2
DA:27,4
DA:30,1
DA:31,0
DA:33,2
DA:34,0
LF:18
LH:12
end_of_record
SF:lib/presentation/middlewares/splash_middleware.dart
DA:8,1
DA:10,2
DA:13,0
LF:3
LH:2
end_of_record
SF:lib/presentation/new_contact/new_contact_bindings.dart
DA:7,0
DA:9,0
DA:10,0
DA:12,0
DA:13,0
DA:14,0
DA:18,0
DA:19,0
DA:20,0
DA:24,0
DA:25,0
DA:26,0
DA:27,0
DA:28,0
LF:14
LH:0
end_of_record
SF:lib/presentation/new_contact/new_contact_controller.dart
DA:14,0
DA:29,0
DA:30,0
DA:31,0
DA:36,0
DA:37,0
DA:38,0
DA:39,0
DA:40,0
DA:45,0
DA:50,0
DA:62,0
DA:64,0
DA:66,0
DA:67,0
DA:68,0
DA:73,0
DA:74,0
DA:78,0
DA:80,0
LF:20
LH:0
end_of_record
SF:lib/presentation/new_contact/new_contact_module.dart
DA:6,3
DA:7,1
DA:8,1
DA:9,0
DA:10,1
LF:5
LH:4
end_of_record
SF:lib/presentation/new_contact/new_contact_page.dart
DA:13,0
DA:15,0
DA:16,0
DA:17,0
DA:19,0
DA:20,0
DA:22,0
DA:23,0
DA:24,0
DA:26,0
DA:27,0
DA:28,0
DA:29,0
DA:30,0
DA:32,0
DA:33,0
DA:34,0
DA:35,0
DA:50,0
DA:51,0
DA:52,0
DA:56,0
DA:60,0
DA:61,0
DA:63,0
DA:65,0
DA:66,0
DA:67,0
DA:68,0
DA:70,0
DA:76,0
DA:77,0
DA:78,0
DA:81,0
DA:83,0
DA:84,0
DA:85,0
DA:86,0
DA:87,0
DA:88,0
DA:89,0
DA:91,0
DA:93,0
DA:95,0
DA:96,0
DA:101,0
DA:102,0
DA:103,0
DA:106,0
DA:107,0
DA:108,0
DA:112,0
DA:113,0
DA:114,0
DA:117,0
DA:119,0
DA:122,0
DA:123,0
DA:126,0
DA:127,0
DA:128,0
DA:130,0
DA:131,0
DA:133,0
DA:136,0
DA:142,0
DA:144,0
DA:145,0
DA:146,0
DA:147,0
DA:148,0
DA:151,0
DA:152,0
DA:154,0
DA:155,0
DA:161,0
LF:76
LH:0
end_of_record
SF:lib/presentation/notifications/notifications_bindings.dart
DA:7,0
DA:9,0
DA:10,0
DA:11,0
DA:15,0
DA:16,0
DA:17,0
DA:21,0
DA:22,0
DA:23,0
DA:24,0
LF:11
LH:0
end_of_record
SF:lib/presentation/notifications/notifications_controller.dart
DA:10,0
DA:20,0
DA:22,0
DA:23,0
DA:26,0
DA:27,0
DA:28,0
DA:30,0
DA:32,0
DA:34,0
DA:38,0
DA:39,0
DA:40,0
DA:41,0
DA:42,0
DA:43,0
DA:46,0
DA:47,0
DA:48,0
DA:49,0
DA:52,0
DA:53,0
DA:54,0
LF:23
LH:0
end_of_record
SF:lib/presentation/notifications/notifications_module.dart
DA:7,3
DA:8,1
DA:9,1
DA:10,0
DA:11,1
DA:12,1
DA:13,1
LF:7
LH:6
end_of_record
SF:lib/presentation/notifications/notifications_page.dart
DA:10,0
DA:12,0
DA:13,0
DA:14,0
DA:15,0
DA:16,0
DA:18,0
DA:19,0
DA:20,0
DA:22,0
DA:24,0
DA:26,0
DA:27,0
DA:28,0
DA:30,0
DA:33,0
DA:34,0
DA:35,0
DA:36,0
DA:37,0
DA:38,0
DA:39,0
DA:40,0
DA:42,0
DA:43,0
DA:44,0
DA:45,0
DA:46,0
DA:47,0
DA:50,0
DA:51,0
DA:53,0
DA:54,0
LF:33
LH:0
end_of_record
SF:lib/presentation/notifications/widgets/notification_widget.dart
DA:8,0
DA:14,0
DA:16,0
DA:17,0
DA:18,0
DA:19,0
DA:20,0
DA:21,0
DA:26,0
DA:27,0
DA:29,0
DA:30,0
DA:31,0
DA:32,0
DA:35,0
DA:38,0
DA:39,0
DA:40,0
DA:41,0
DA:43,0
DA:45,0
DA:46,0
DA:49,0
DA:50,0
LF:24
LH:0
end_of_record
SF:lib/presentation/notifications_settings/notifications_settings_bindings.dart
DA:8,0
DA:10,0
DA:11,0
DA:12,0
DA:16,0
DA:17,0
DA:18,0
DA:19,0
DA:20,0
DA:21,0
DA:22,0
DA:23,0
DA:24,0
DA:25,0
LF:14
LH:0
end_of_record
SF:lib/presentation/notifications_settings/notifications_settings_controller.dart
DA:15,0
DA:35,0
DA:37,0
DA:38,0
DA:41,0
DA:42,0
DA:43,0
DA:44,0
DA:49,0
DA:50,0
DA:52,0
DA:54,0
DA:56,0
DA:61,0
DA:62,0
DA:64,0
DA:68,0
DA:73,0
DA:75,0
DA:76,0
DA:78,0
DA:79,0
DA:84,0
DA:85,0
DA:90,0
DA:92,0
DA:95,0
DA:97,0
DA:100,0
DA:102,0
DA:109,0
DA:110,0
DA:115,0
DA:116,0
DA:119,0
DA:120,0
DA:123,0
DA:127,0
DA:132,0
DA:133,0
DA:134,0
DA:136,0
DA:137,0
DA:139,0
DA:141,0
DA:142,0
DA:146,0
DA:147,0
DA:149,0
DA:150,0
DA:151,0
DA:153,0
DA:154,0
DA:156,0
DA:157,0
DA:159,0
DA:160,0
DA:165,0
DA:166,0
DA:168,0
DA:169,0
DA:170,0
DA:172,0
DA:173,0
DA:175,0
DA:176,0
DA:178,0
DA:179,0
DA:184,0
DA:185,0
DA:186,0
LF:71
LH:0
end_of_record
SF:lib/presentation/notifications_settings/notifications_settings_module.dart
DA:6,3
DA:7,1
DA:8,1
DA:9,0
DA:10,1
LF:5
LH:4
end_of_record
SF:lib/presentation/notifications_settings/notifications_settings_page.dart
DA:8,0
DA:10,0
DA:11,0
DA:12,0
DA:13,0
DA:14,0
DA:15,0
DA:17,0
DA:18,0
DA:19,0
DA:21,0
DA:24,0
DA:25,0
DA:26,0
DA:27,0
DA:30,0
DA:31,0
DA:34,0
DA:36,0
DA:44,0
DA:47,0
DA:48,0
DA:53,0
DA:55,0
DA:56,0
DA:62,0
DA:63,0
DA:64,0
DA:67,0
DA:69,0
DA:70,0
DA:72,0
DA:74,0
DA:75,0
DA:78,0
DA:79,0
DA:80,0
DA:82,0
DA:85,0
DA:86,0
DA:87,0
DA:91,0
DA:92,0
DA:94,0
DA:95,0
DA:99,0
DA:102,0
DA:104,0
DA:105,0
DA:107,0
DA:108,0
DA:117,0
DA:121,0
LF:53
LH:0
end_of_record
SF:lib/presentation/phone_number/phone_number_bindings.dart
DA:8,0
DA:10,0
DA:11,0
DA:13,0
DA:14,0
DA:16,0
DA:17,0
DA:18,0
DA:22,0
DA:23,0
DA:24,0
DA:25,0
DA:26,0
LF:13
LH:0
end_of_record
SF:lib/presentation/phone_number/phone_number_controller.dart
DA:14,0
DA:31,0
DA:33,0
DA:34,0
DA:35,0
DA:38,0
DA:40,0
DA:41,0
DA:42,0
DA:45,0
DA:52,0
DA:55,0
DA:56,0
DA:60,0
DA:64,0
DA:66,0
DA:69,0
DA:71,0
DA:76,0
DA:78,0
DA:82,0
DA:86,0
DA:87,0
DA:92,0
DA:94,0
DA:96,0
DA:100,0
DA:101,0
DA:102,0
DA:103,0
DA:104,0
DA:109,0
DA:110,0
DA:111,0
DA:116,0
DA:118,0
DA:121,0
DA:122,0
DA:126,0
DA:127,0
LF:40
LH:0
end_of_record
SF:lib/presentation/phone_number/phone_number_module.dart
DA:7,0
DA:8,0
DA:9,0
DA:10,0
DA:11,0
LF:5
LH:0
end_of_record
SF:lib/presentation/phone_number/phone_number_page.dart
DA:9,0
DA:11,0
DA:12,0
DA:13,0
DA:14,0
DA:16,0
DA:17,0
DA:18,0
DA:20,0
DA:21,0
DA:22,0
DA:24,0
DA:25,0
DA:29,0
DA:30,0
DA:32,0
DA:33,0
DA:34,0
DA:36,0
DA:37,0
DA:38,0
DA:41,0
DA:42,0
DA:43,0
DA:44,0
DA:46,0
DA:47,0
DA:51,0
DA:53,0
DA:54,0
DA:55,0
DA:56,0
DA:57,0
DA:59,0
DA:62,0
DA:63,0
DA:64,0
DA:65,0
DA:67,0
DA:68,0
DA:69,0
DA:70,0
DA:72,0
DA:73,0
DA:74,0
DA:78,0
DA:79,0
DA:80,0
DA:82,0
DA:83,0
DA:84,0
DA:87,0
DA:88,0
DA:89,0
DA:90,0
DA:99,0
DA:100,0
DA:101,0
DA:103,0
DA:104,0
DA:105,0
DA:108,0
DA:109,0
DA:110,0
DA:113,0
DA:114,0
DA:115,0
DA:116,0
DA:125,0
DA:126,0
DA:128,0
DA:129,0
DA:135,0
DA:136,0
DA:137,0
DA:138,0
DA:139,0
DA:140,0
DA:143,0
LF:79
LH:0
end_of_record
SF:lib/presentation/push_notifications/push_notifications_bindings.dart
DA:8,0
DA:10,0
DA:11,0
DA:12,0
DA:15,0
DA:16,0
DA:17,0
DA:20,0
DA:21,0
DA:22,0
DA:26,0
DA:27,0
DA:28,0
DA:32,0
DA:33,0
DA:34,0
DA:38,0
DA:39,0
DA:40,0
DA:41,0
DA:42,0
LF:21
LH:0
end_of_record
SF:lib/presentation/push_notifications/push_notifications_controller.dart
DA:12,0
DA:20,0
DA:21,0
DA:31,0
DA:33,0
DA:35,0
DA:36,0
DA:37,0
DA:40,0
DA:45,0
DA:48,0
DA:49,0
DA:50,0
DA:55,0
DA:56,0
DA:57,0
DA:62,0
DA:68,0
DA:76,0
DA:81,0
LF:20
LH:0
end_of_record
SF:lib/presentation/push_notifications/push_notifications_module.dart
DA:8,0
DA:9,0
DA:10,0
DA:11,0
DA:12,0
DA:13,0
DA:14,0
LF:7
LH:0
end_of_record
SF:lib/presentation/push_notifications/push_notifications_page.dart
DA:10,0
DA:12,0
DA:13,0
DA:14,0
DA:15,0
DA:16,0
DA:18,0
DA:19,0
DA:20,0
DA:22,0
DA:23,0
DA:24,0
DA:27,0
DA:28,0
DA:29,0
DA:30,0
DA:33,0
DA:35,0
DA:36,0
DA:37,0
DA:40,0
DA:42,0
DA:43,0
DA:44,0
DA:47,0
DA:49,0
DA:50,0
DA:51,0
DA:54,0
DA:82,0
DA:83,0
DA:84,0
DA:87,0
DA:88,0
DA:89,0
DA:90,0
DA:94,0
DA:95,0
DA:98,0
DA:99,0
DA:100,0
DA:103,0
DA:105,0
DA:107,0
DA:110,0
DA:113,0
DA:116,0
DA:119,0
DA:121,0
DA:124,0
DA:125,0
DA:126,0
DA:128,0
DA:129,0
DA:138,0
DA:139,0
DA:142,0
DA:143,0
DA:144,0
DA:146,0
DA:147,0
DA:149,0
DA:150,0
DA:153,0
DA:156,0
DA:160,0
DA:162,0
DA:163,0
DA:166,0
DA:168,0
DA:169,0
DA:170,0
DA:171,0
DA:172,0
DA:174,0
DA:175,0
DA:181,0
LF:77
LH:0
end_of_record
SF:lib/presentation/recovery_password/recovery_password_bindings.dart
DA:8,0
DA:10,0
DA:11,0
DA:13,0
DA:14,0
DA:16,0
DA:17,0
DA:18,0
DA:22,0
DA:23,0
LF:10
LH:0
end_of_record
SF:lib/presentation/recovery_password/recovery_password_controller.dart
DA:7,0
DA:11,0
DA:12,0
DA:13,0
DA:16,0
DA:17,0
DA:18,0
LF:7
LH:0
end_of_record
SF:lib/presentation/recovery_password/recovery_password_module.dart
DA:7,0
DA:8,0
DA:9,0
DA:10,0
DA:11,0
LF:5
LH:0
end_of_record
SF:lib/presentation/recovery_password/recovery_password_page.dart
DA:10,0
DA:12,0
DA:13,0
DA:14,0
DA:15,0
DA:16,0
DA:17,0
DA:18,0
DA:20,0
DA:23,0
DA:24,0
DA:25,0
DA:26,0
DA:28,0
DA:29,0
DA:30,0
DA:31,0
DA:33,0
DA:34,0
DA:35,0
DA:36,0
DA:39,0
DA:40,0
DA:42,0
DA:44,0
DA:45,0
DA:46,0
DA:48,0
DA:51,0
DA:53,0
DA:55,0
DA:56,0
DA:58,0
DA:59,0
DA:61,0
DA:62,0
DA:68,0
LF:37
LH:0
end_of_record
SF:lib/presentation/security/security_bindings.dart
DA:8,0
DA:10,0
DA:11,0
DA:13,0
DA:14,0
DA:15,0
DA:18,0
DA:19,0
DA:20,0
DA:24,0
DA:25,0
DA:26,0
DA:27,0
DA:28,0
DA:29,0
DA:30,0
LF:16
LH:0
end_of_record
SF:lib/presentation/security/security_blocked_page.dart
DA:8,0
DA:10,0
DA:12,0
DA:13,0
DA:14,0
DA:15,0
DA:18,0
DA:19,0
DA:23,0
DA:24,0
DA:25,0
DA:26,0
DA:31,0
DA:32,0
DA:33,0
DA:34,0
DA:39,0
DA:40,0
DA:41,0
DA:42,0
DA:47,0
DA:48,0
DA:49,0
DA:50,0
DA:52,0
DA:53,0
DA:54,0
DA:56,0
DA:57,0
DA:58,0
DA:60,0
DA:61,0
LF:32
LH:0
end_of_record
SF:lib/presentation/security/security_controller.dart
DA:14,0
DA:32,0
DA:34,0
DA:35,0
DA:36,0
DA:38,0
DA:41,0
DA:43,0
DA:44,0
DA:45,0
DA:47,0
DA:55,0
DA:56,0
DA:57,0
DA:60,0
DA:61,0
DA:62,0
DA:65,0
DA:66,0
DA:68,0
DA:70,0
DA:72,0
DA:74,0
DA:80,0
DA:84,0
DA:86,0
DA:91,0
DA:93,0
DA:94,0
DA:99,0
DA:100,0
DA:103,0
DA:104,0
DA:105,0
DA:106,0
DA:108,0
DA:113,0
DA:114,0
DA:119,0
DA:121,0
DA:122,0
DA:124,0
DA:125,0
DA:127,0
DA:130,0
DA:131,0
DA:133,0
DA:134,0
LF:48
LH:0
end_of_record
SF:lib/presentation/security/security_module.dart
DA:7,3
DA:8,1
DA:9,1
DA:10,0
DA:11,1
LF:5
LH:4
end_of_record
SF:lib/presentation/security/security_page.dart
DA:7,0
DA:9,0
DA:10,0
DA:11,0
DA:12,0
DA:13,0
DA:14,0
DA:16,0
DA:17,0
DA:18,0
DA:20,0
DA:21,0
DA:22,0
DA:24,0
DA:27,0
DA:28,0
DA:29,0
DA:30,0
DA:32,0
DA:33,0
DA:34,0
DA:35,0
DA:36,0
DA:37,0
DA:39,0
DA:42,0
DA:50,0
DA:51,0
DA:52,0
DA:55,0
DA:56,0
LF:31
LH:0
end_of_record
SF:lib/presentation/settings/settings_bindings.dart
DA:5,1
DA:7,1
DA:8,1
DA:9,1
DA:10,1
DA:11,1
DA:12,1
DA:13,1
DA:14,1
DA:15,1
LF:10
LH:10
end_of_record
SF:lib/presentation/settings/settings_controller.dart
DA:17,1
DA:36,1
DA:37,1
DA:39,0
DA:41,1
DA:43,1
DA:44,1
DA:47,0
DA:48,0
DA:49,0
DA:52,0
DA:53,0
DA:54,0
DA:55,0
DA:58,0
DA:59,0
DA:60,0
DA:61,0
DA:62,0
DA:65,1
DA:67,1
DA:68,1
DA:69,4
DA:70,2
DA:73,2
DA:74,1
DA:76,1
DA:77,1
DA:81,1
DA:82,1
DA:83,1
DA:85,1
DA:89,0
DA:90,0
DA:93,0
DA:94,0
DA:97,0
DA:98,0
DA:99,0
DA:102,0
DA:103,0
DA:104,0
DA:107,0
DA:108,0
DA:109,0
DA:112,1
DA:114,4
LF:47
LH:21
end_of_record
SF:lib/presentation/settings/settings_module.dart
DA:13,3
DA:14,1
DA:15,1
DA:16,2
DA:17,1
DA:18,1
DA:19,1
DA:20,1
DA:21,1
DA:22,1
DA:23,1
DA:24,1
DA:25,1
LF:13
LH:13
end_of_record
SF:lib/presentation/settings/settings_page.dart
DA:11,1
DA:13,1
DA:14,1
DA:15,1
DA:16,1
DA:17,1
DA:18,1
DA:20,1
DA:21,1
DA:22,1
DA:24,1
DA:25,1
DA:26,1
DA:27,1
DA:28,1
DA:31,1
DA:32,1
DA:33,1
DA:34,1
DA:35,1
DA:37,4
DA:39,1
DA:40,1
DA:41,1
DA:42,1
DA:43,1
DA:45,1
DA:47,1
DA:48,3
DA:49,1
DA:60,1
DA:61,1
DA:63,1
DA:65,1
DA:68,2
DA:70,1
DA:71,1
DA:72,1
DA:74,1
DA:77,2
DA:79,1
DA:80,1
DA:81,1
DA:83,1
DA:86,2
DA:88,1
DA:89,1
DA:91,1
DA:93,1
DA:96,2
DA:98,1
DA:99,1
DA:101,1
DA:103,1
DA:106,2
DA:108,1
DA:109,1
DA:111,1
DA:113,1
DA:116,0
DA:117,0
DA:119,0
DA:120,0
DA:125,1
DA:126,1
DA:128,1
DA:130,1
DA:133,0
DA:134,0
DA:136,0
DA:137,0
DA:138,0
DA:143,1
DA:144,1
DA:146,1
DA:148,1
DA:151,2
DA:153,1
DA:154,1
DA:156,1
DA:158,1
DA:161,0
DA:162,0
DA:164,0
DA:165,0
DA:170,1
DA:171,1
DA:173,1
DA:175,1
DA:176,1
DA:178,1
DA:179,1
DA:180,1
DA:184,2
DA:186,1
DA:187,2
DA:188,3
DA:189,1
DA:191,1
DA:192,6
DA:193,1
DA:199,1
LF:102
LH:89
end_of_record
SF:lib/presentation/settings/widgets/clear_cache_bottom_sheet_widget.dart
DA:8,0
DA:13,0
DA:15,0
DA:18,0
DA:19,0
DA:20,0
DA:22,0
DA:23,0
DA:25,0
DA:28,0
DA:29,0
DA:31,0
DA:32,0
DA:33,0
DA:35,0
DA:37,0
DA:38,0
DA:40,0
DA:44,0
LF:19
LH:0
end_of_record
SF:lib/presentation/settings/widgets/locale_bottom_sheet_widget.dart
DA:10,0
DA:15,0
DA:17,0
DA:19,0
DA:20,0
DA:21,0
DA:23,0
DA:24,0
DA:25,0
DA:26,0
DA:27,0
DA:28,0
DA:30,0
DA:31,0
DA:33,0
DA:34,0
DA:37,0
DA:38,0
DA:39,0
DA:42,0
DA:43,0
DA:44,0
DA:45,0
DA:46,0
DA:47,0
DA:52,0
LF:26
LH:0
end_of_record
SF:lib/presentation/settings/widgets/theme_bottom_sheet_widget.dart
DA:9,0
DA:15,0
DA:17,0
DA:19,0
DA:20,0
DA:21,0
DA:23,0
DA:24,0
DA:25,0
DA:26,0
DA:27,0
DA:28,0
DA:30,0
DA:31,0
DA:33,0
DA:34,0
DA:37,0
DA:38,0
DA:39,0
DA:42,0
DA:43,0
DA:44,0
DA:45,0
DA:46,0
DA:47,0
DA:52,0
LF:26
LH:0
end_of_record
SF:lib/presentation/signup/signup_bindings.dart
DA:8,0
DA:10,0
DA:11,0
DA:13,0
DA:14,0
DA:16,0
DA:17,0
DA:18,0
DA:19,0
DA:23,0
DA:24,0
DA:25,0
DA:26,0
DA:27,0
LF:14
LH:0
end_of_record
SF:lib/presentation/signup/signup_controller.dart
DA:12,0
DA:22,0
DA:28,0
DA:30,0
DA:37,0
DA:38,0
DA:40,0
DA:41,0
DA:42,0
DA:44,0
DA:46,0
DA:48,0
DA:53,0
DA:54,0
DA:55,0
DA:60,0
DA:61,0
DA:62,0
DA:67,0
DA:68,0
DA:69,0
DA:74,0
DA:75,0
DA:76,0
DA:78,0
DA:79,0
DA:84,0
DA:85,0
DA:86,0
DA:89,0
DA:90,0
DA:91,0
LF:32
LH:0
end_of_record
SF:lib/presentation/signup/signup_module.dart
DA:7,0
DA:8,0
DA:9,0
DA:10,0
DA:11,0
LF:5
LH:0
end_of_record
SF:lib/presentation/signup/signup_page.dart
DA:13,0
DA:15,0
DA:17,0
DA:18,0
DA:19,0
DA:20,0
DA:21,0
DA:23,0
DA:24,0
DA:25,0
DA:28,0
DA:29,0
DA:31,0
DA:32,0
DA:33,0
DA:34,0
DA:37,0
DA:38,0
DA:40,0
DA:41,0
DA:42,0
DA:43,0
DA:46,0
DA:47,0
DA:49,0
DA:50,0
DA:51,0
DA:52,0
DA:56,0
DA:57,0
DA:59,0
DA:60,0
DA:61,0
DA:62,0
DA:64,0
DA:70,0
DA:71,0
DA:72,0
DA:73,0
DA:76,0
DA:79,0
DA:80,0
DA:83,0
DA:84,0
DA:85,0
DA:88,0
DA:89,0
DA:90,0
DA:91,0
DA:92,0
DA:95,0
DA:98,0
DA:99,0
DA:100,0
DA:102,0
DA:105,0
DA:107,0
DA:108,0
DA:109,0
DA:118,0
DA:119,0
DA:121,0
DA:123,0
DA:124,0
DA:125,0
DA:127,0
DA:131,0
DA:133,0
DA:137,0
DA:138,0
DA:139,0
DA:142,0
DA:147,0
DA:148,0
DA:150,0
DA:151,0
DA:157,0
LF:77
LH:0
end_of_record
SF:lib/presentation/sos_config/sos_config_bindings.dart
DA:5,0
DA:7,0
DA:8,0
LF:3
LH:0
end_of_record
SF:lib/presentation/sos_config/sos_config_controller.dart
DA:10,0
DA:11,0
DA:12,0
LF:3
LH:0
end_of_record
SF:lib/presentation/sos_config/sos_config_module.dart
DA:6,3
DA:7,1
DA:8,1
DA:9,0
DA:10,1
LF:5
LH:4
end_of_record
SF:lib/presentation/sos_config/sos_config_page.dart
DA:7,0
DA:9,0
DA:10,0
DA:11,0
DA:12,0
DA:13,0
DA:14,0
DA:16,0
DA:17,0
DA:18,0
DA:20,0
DA:21,0
DA:24,0
DA:27,0
DA:28,0
DA:30,0
DA:32,0
DA:33,0
DA:34,0
DA:35,0
DA:38,0
DA:40,0
DA:41,0
DA:45,0
DA:46,0
DA:47,0
DA:48,0
DA:51,0
DA:53,0
DA:54,0
DA:55,0
DA:59,0
DA:60,0
DA:61,0
DA:62,0
DA:64,0
DA:66,0
DA:67,0
DA:75,0
DA:76,0
DA:78,0
DA:79,0
DA:81,0
DA:83,0
DA:84,0
DA:85,0
DA:89,0
DA:90,0
DA:91,0
DA:95,0
DA:99,0
DA:100,0
DA:103,0
DA:104,0
DA:105,0
DA:107,0
DA:110,0
DA:111,0
DA:114,0
DA:120,0
DA:123,0
LF:61
LH:0
end_of_record
SF:lib/presentation/splash/splash_bindings.dart
DA:6,1
DA:8,1
DA:9,1
DA:10,1
DA:11,1
DA:12,1
DA:13,1
DA:14,1
DA:15,1
DA:16,1
DA:17,1
DA:18,1
DA:19,1
LF:13
LH:13
end_of_record
SF:lib/presentation/splash/splash_controller.dart
DA:25,1
DA:49,1
DA:51,1
DA:55,1
DA:57,1
DA:59,5
DA:61,3
DA:62,1
DA:66,0
DA:70,1
DA:71,1
DA:72,0
DA:76,1
DA:78,1
DA:80,2
DA:81,1
DA:82,1
DA:83,1
DA:84,2
DA:85,1
DA:86,1
DA:87,1
DA:90,0
DA:94,1
DA:97,0
DA:102,0
DA:107,1
DA:111,2
DA:116,1
DA:117,0
DA:118,0
DA:120,0
DA:121,0
DA:123,0
DA:125,0
DA:126,0
DA:130,0
DA:131,0
DA:133,0
DA:134,0
DA:135,0
DA:137,0
DA:138,0
DA:141,0
DA:143,0
DA:146,0
DA:147,0
DA:149,0
DA:150,0
DA:155,1
DA:156,1
DA:158,1
DA:161,0
DA:162,0
DA:166,1
DA:169,1
DA:171,1
DA:173,0
DA:174,0
DA:177,0
DA:182,1
DA:183,2
DA:184,1
DA:185,1
DA:191,1
DA:192,2
DA:196,1
DA:198,2
DA:199,2
DA:201,2
DA:203,3
DA:205,1
DA:206,1
DA:207,1
DA:208,1
DA:209,1
DA:210,1
DA:211,1
DA:212,1
DA:213,1
DA:217,2
DA:221,1
DA:223,2
DA:224,1
DA:225,0
DA:230,1
DA:231,2
DA:233,0
DA:234,0
DA:235,0
DA:237,0
DA:239,0
DA:243,1
DA:245,2
DA:246,1
DA:247,0
DA:252,0
DA:254,0
DA:256,0
DA:257,0
DA:260,0
DA:263,0
DA:264,0
DA:265,0
DA:267,0
DA:268,0
DA:269,0
DA:276,1
DA:277,2
DA:278,2
DA:280,1
DA:282,0
DA:286,2
DA:289,2
DA:291,2
DA:293,1
DA:295,2
DA:296,0
DA:304,1
DA:305,1
LF:120
LH:70
end_of_record
SF:lib/presentation/splash/splash_page.dart
DA:7,1
DA:9,2
DA:10,1
DA:11,1
DA:12,1
DA:15,1
DA:16,1
DA:17,1
DA:18,1
DA:19,1
DA:20,1
DA:22,1
DA:23,1
DA:28,1
DA:29,1
DA:30,1
DA:31,1
DA:34,1
DA:35,1
LF:19
LH:19
end_of_record
SF:lib/presentation/unknown/unknown_bindings.dart
DA:5,0
DA:7,0
DA:8,0
LF:3
LH:0
end_of_record
SF:lib/presentation/unknown/unknown_page.dart
DA:7,0
DA:9,0
DA:11,0
DA:12,0
DA:13,0
LF:5
LH:0
end_of_record
SF:lib/presentation/update/update_bindings.dart
DA:6,0
DA:8,0
DA:9,0
DA:10,0
DA:11,0
DA:12,0
DA:13,0
LF:7
LH:0
end_of_record
SF:lib/presentation/update/update_controller.dart
DA:14,0
DA:31,0
DA:33,0
DA:34,0
DA:35,0
DA:38,0
DA:39,0
DA:40,0
DA:43,0
DA:46,0
DA:47,0
DA:48,0
DA:49,0
DA:50,0
DA:54,0
DA:56,0
DA:57,0
DA:59,0
DA:62,0
DA:66,0
DA:67,0
DA:70,0
DA:71,0
DA:72,0
DA:73,0
DA:75,0
DA:77,0
DA:78,0
DA:79,0
DA:80,0
LF:30
LH:0
end_of_record
SF:lib/presentation/update/update_module.dart
DA:7,3
DA:8,1
DA:9,1
DA:10,0
DA:11,1
DA:13,1
DA:14,1
DA:15,0
DA:16,1
LF:9
LH:7
end_of_record
SF:lib/presentation/update/update_page.dart
DA:6,0
DA:8,0
DA:9,0
DA:10,0
DA:11,0
DA:12,0
DA:13,0
DA:15,0
DA:16,0
DA:17,0
DA:19,0
DA:22,0
DA:23,0
DA:24,0
DA:26,0
DA:28,0
DA:29,0
DA:30,0
DA:31,0
DA:34,0
DA:35,0
DA:37,0
DA:39,0
DA:40,0
DA:41,0
DA:42,0
DA:45,0
DA:46,0
DA:48,0
DA:50,0
DA:51,0
DA:52,0
DA:53,0
DA:56,0
DA:57,0
DA:59,0
DA:61,0
DA:62,0
DA:63,0
DA:64,0
DA:67,0
DA:68,0
DA:70,0
DA:71,0
DA:74,0
DA:78,0
DA:79,0
DA:80,0
DA:81,0
DA:82,0
DA:84,0
DA:85,0
DA:87,0
LF:53
LH:0
end_of_record
SF:lib/presentation/update/updated_page.dart
DA:6,0
DA:8,0
DA:9,0
DA:10,0
DA:11,0
DA:12,0
DA:13,0
DA:15,0
DA:16,0
DA:17,0
DA:19,0
DA:22,0
DA:23,0
DA:24,0
DA:25,0
DA:26,0
DA:27,0
DA:30,0
DA:31,0
DA:33,0
DA:35,0
DA:36,0
DA:37,0
DA:38,0
DA:41,0
DA:42,0
DA:44,0
DA:46,0
DA:47,0
DA:48,0
DA:49,0
DA:52,0
DA:53,0
DA:55,0
DA:57,0
DA:58,0
DA:59,0
DA:60,0
DA:63,0
DA:64,0
DA:66,0
DA:67,0
DA:70,0
LF:43
LH:0
end_of_record
SF:lib/presentation/user/user_bindings.dart
DA:5,1
DA:7,1
DA:8,1
LF:3
LH:3
end_of_record
SF:lib/presentation/user/user_controller.dart
DA:9,1
DA:10,1
DA:13,0
DA:14,0
LF:4
LH:2
end_of_record
SF:lib/presentation/user/user_module.dart
DA:9,3
DA:10,1
DA:11,1
DA:12,2
DA:13,1
DA:14,1
DA:15,1
DA:16,1
LF:8
LH:8
end_of_record
SF:lib/presentation/user/user_page.dart
DA:8,1
DA:10,1
DA:11,1
DA:12,1
DA:13,1
DA:14,1
DA:15,1
DA:17,1
DA:18,1
DA:19,1
DA:21,1
DA:24,1
DA:25,1
DA:26,1
DA:27,1
DA:28,1
DA:29,4
DA:31,1
DA:32,1
DA:33,1
DA:34,0
DA:36,1
DA:37,1
DA:43,4
DA:45,1
DA:46,1
DA:47,1
DA:49,1
DA:53,1
DA:54,1
DA:60,4
DA:62,1
DA:63,1
DA:64,1
DA:66,1
DA:70,1
DA:71,1
DA:76,1
DA:77,3
DA:79,1
DA:80,1
DA:81,1
DA:83,1
DA:87,1
DA:88,1
DA:90,1
DA:92,1
DA:95,2
DA:97,1
DA:98,1
DA:100,1
DA:102,1
DA:106,2
DA:108,1
LF:54
LH:53
end_of_record
SF:lib/presentation/users/users_bindings.dart
DA:9,0
DA:11,0
DA:12,0
DA:13,0
DA:16,0
DA:17,0
DA:18,0
DA:21,0
DA:22,0
DA:23,0
DA:27,0
DA:28,0
DA:31,0
DA:32,0
DA:33,0
DA:34,0
LF:16
LH:0
end_of_record
SF:lib/presentation/users/users_controller.dart
DA:10,0
DA:20,0
DA:21,0
DA:23,0
DA:25,0
DA:26,0
DA:29,0
DA:30,0
DA:31,0
DA:33,0
DA:35,0
DA:37,0
DA:41,0
DA:42,0
DA:43,0
DA:46,0
DA:48,0
DA:49,0
DA:50,0
LF:19
LH:0
end_of_record
SF:lib/presentation/users/users_module.dart
DA:10,0
DA:11,0
DA:12,0
DA:13,0
DA:14,0
DA:15,0
DA:16,0
DA:17,0
DA:18,0
LF:9
LH:0
end_of_record
SF:lib/presentation/users/users_page.dart
DA:8,0
DA:10,0
DA:11,0
DA:12,0
DA:13,0
DA:14,0
DA:15,0
DA:16,0
DA:17,0
DA:18,0
DA:19,0
DA:20,0
DA:21,0
DA:22,0
DA:23,0
DA:26,0
DA:28,0
DA:29,0
DA:30,0
DA:32,0
DA:33,0
LF:21
LH:0
end_of_record
SF:lib/presentation/users/widgets/user_widget.dart
DA:12,0
DA:20,0
DA:22,0
DA:23,0
DA:24,0
DA:25,0
DA:26,0
DA:27,0
DA:28,0
DA:31,0
DA:32,0
DA:35,0
DA:36,0
DA:39,0
DA:41,0
DA:42,0
DA:46,0
DA:47,0
DA:48,0
DA:50,0
DA:51,0
DA:53,0
LF:22
LH:0
end_of_record
SF:lib/presentation/web/web_bindings.dart
DA:6,0
DA:8,0
DA:9,0
DA:10,0
DA:11,0
DA:12,0
DA:13,0
DA:14,0
DA:15,0
DA:16,0
DA:17,0
DA:18,0
DA:19,0
LF:13
LH:0
end_of_record
SF:lib/presentation/web/web_controller.dart
DA:24,0
DA:57,0
DA:59,0
DA:61,0
DA:63,0
DA:65,0
DA:66,0
DA:67,0
DA:71,0
DA:73,0
DA:74,0
DA:78,0
DA:80,0
DA:82,0
DA:83,0
DA:84,0
DA:87,0
DA:88,0
DA:93,0
DA:94,0
DA:95,0
DA:96,0
DA:97,0
DA:98,0
DA:105,0
DA:109,0
DA:114,0
DA:116,0
DA:117,0
DA:118,0
DA:120,0
DA:121,0
DA:123,0
DA:125,0
DA:126,0
DA:130,0
DA:131,0
DA:133,0
DA:134,0
DA:135,0
DA:137,0
DA:138,0
DA:141,0
DA:143,0
DA:146,0
DA:147,0
DA:149,0
DA:150,0
DA:155,0
DA:158,0
DA:162,0
DA:163,0
DA:165,0
DA:169,0
DA:170,0
DA:171,0
DA:173,0
DA:177,0
DA:178,0
DA:179,0
DA:181,0
DA:185,0
DA:186,0
DA:191,0
DA:192,0
DA:193,0
DA:197,0
DA:198,0
DA:199,0
DA:201,0
DA:206,0
DA:210,0
DA:211,0
DA:212,0
DA:213,0
DA:214,0
DA:219,0
DA:223,0
DA:224,0
DA:225,0
DA:226,0
DA:227,0
DA:232,0
DA:236,0
DA:237,0
DA:238,0
DA:239,0
DA:240,0
DA:245,0
DA:249,0
DA:250,0
DA:251,0
DA:252,0
DA:253,0
DA:258,0
DA:262,0
DA:263,0
DA:264,0
DA:267,0
DA:268,0
DA:269,0
DA:272,0
DA:273,0
DA:274,0
DA:277,0
DA:278,0
DA:281,0
DA:282,0
DA:283,0
DA:286,0
DA:287,0
DA:288,0
DA:291,0
DA:292,0
DA:293,0
LF:115
LH:0
end_of_record
SF:lib/presentation/web/web_page.dart
DA:12,0
DA:14,0
DA:15,0
DA:16,0
DA:18,0
DA:19,0
DA:20,0
DA:21,0
DA:25,0
DA:26,0
DA:32,0
DA:36,0
DA:37,0
DA:43,0
DA:47,0
DA:48,0
DA:54,0
DA:58,0
DA:59,0
DA:65,0
DA:67,0
DA:69,0
DA:70,0
DA:78,0
DA:80,0
DA:81,0
DA:82,0
DA:83,0
DA:84,0
DA:86,0
DA:89,0
DA:90,0
DA:91,0
DA:92,0
DA:93,0
DA:94,0
DA:95,0
DA:101,0
DA:102,0
DA:103,0
DA:105,0
DA:108,0
DA:111,0
DA:112,0
DA:114,0
DA:116,0
DA:120,0
DA:121,0
DA:122,0
DA:123,0
DA:132,0
DA:133,0
DA:134,0
DA:135,0
DA:137,0
DA:143,0
DA:144,0
DA:145,0
DA:146,0
DA:147,0
DA:148,0
DA:149,0
DA:150,0
DA:152,0
DA:153,0
DA:157,0
DA:158,0
DA:164,0
DA:168,0
DA:169,0
DA:175,0
DA:178,0
DA:179,0
DA:185,0
DA:189,0
DA:190,0
DA:200,0
DA:201,0
DA:202,0
DA:203,0
DA:204,0
DA:205,0
DA:206,0
DA:207,0
DA:210,0
DA:216,0
DA:218,0
DA:220,0
LF:88
LH:0
end_of_record
SF:lib/presentation/web/widgets/about_card_widget.dart
DA:6,0
DA:8,0
DA:10,0
DA:11,0
DA:12,0
DA:14,0
DA:15,0
DA:16,0
DA:18,0
DA:21,0
DA:22,0
DA:24,0
DA:26,0
DA:29,0
DA:30,0
DA:33,0
DA:35,0
DA:38,0
DA:39,0
DA:42,0
DA:44,0
LF:21
LH:0
end_of_record
SF:lib/presentation/web/widgets/contact_card_widget.dart
DA:8,0
DA:10,0
DA:12,0
DA:13,0
DA:16,0
DA:17,0
DA:18,0
DA:20,0
DA:22,0
DA:23,0
DA:25,0
DA:27,0
DA:28,0
DA:31,0
DA:32,0
DA:33,0
DA:34,0
DA:35,0
DA:39,0
DA:41,0
DA:45,0
DA:47,0
DA:51,0
DA:55,0
DA:56,0
DA:57,0
DA:58,0
LF:27
LH:0
end_of_record
SF:lib/presentation/web/widgets/download_card_widget.dart
DA:8,0
DA:10,0
DA:12,0
DA:13,0
DA:16,0
DA:17,0
DA:18,0
DA:20,0
DA:22,0
DA:23,0
DA:25,0
DA:27,0
DA:28,0
DA:30,0
DA:31,0
DA:32,0
DA:33,0
DA:34,0
DA:35,0
DA:36,0
DA:41,0
DA:42,0
DA:43,0
DA:44,0
LF:24
LH:0
end_of_record
SF:lib/presentation/web/widgets/features_card_widget.dart
DA:6,0
DA:8,0
DA:10,0
DA:11,0
DA:12,0
DA:14,0
DA:15,0
DA:16,0
DA:18,0
DA:21,0
DA:22,0
DA:24,0
DA:26,0
DA:27,0
DA:29,0
DA:30,0
DA:31,0
DA:32,0
DA:33,0
DA:34,0
DA:35,0
LF:21
LH:0
end_of_record
SF:lib/presentation/web/widgets/footer_widget.dart
DA:6,0
DA:8,0
DA:10,0
DA:11,0
DA:12,0
DA:13,0
DA:14,0
DA:16,0
DA:17,0
DA:20,0
DA:21,0
DA:22,0
DA:23,0
DA:24,0
DA:26,0
DA:28,0
DA:31,0
DA:32,0
DA:33,0
DA:36,0
DA:39,0
DA:41,0
DA:43,0
DA:48,0
DA:51,0
DA:53,0
DA:55,0
DA:57,0
DA:60,0
DA:62,0
DA:64,0
DA:66,0
DA:69,0
DA:71,0
DA:73,0
LF:35
LH:0
end_of_record
SF:lib/presentation/web/widgets/main_card_widget.dart
DA:6,0
DA:8,0
DA:10,0
DA:11,0
DA:12,0
DA:15,0
DA:18,0
DA:19,0
DA:20,0
DA:22,0
DA:24,0
DA:25,0
DA:26,0
DA:27,0
LF:14
LH:0
end_of_record
SF:lib/services/analytics/analytics_service_manager.dart
DA:6,1
DA:8,3
DA:19,0
DA:21,0
DA:22,0
DA:23,0
DA:24,0
DA:26,0
DA:29,1
DA:31,2
DA:32,3
DA:35,0
DA:36,0
DA:37,0
DA:41,1
DA:46,2
DA:47,3
DA:50,0
DA:54,0
DA:55,0
DA:59,1
DA:64,2
DA:65,3
DA:68,0
DA:69,0
LF:25
LH:11
end_of_record
SF:lib/services/aptabase/aptabase_analytics.dart
DA:10,1
DA:15,0
DA:18,0
DA:21,0
DA:22,0
DA:23,0
DA:24,0
DA:30,0
DA:33,0
DA:39,0
DA:42,0
DA:45,0
DA:51,0
DA:54,0
LF:14
LH:1
end_of_record
SF:lib/services/crashlytics/crashlytics_service_manager.dart
DA:6,0
DA:8,0
DA:18,0
DA:20,0
DA:21,0
DA:22,0
DA:23,0
DA:25,0
DA:28,0
DA:30,0
DA:31,0
DA:34,0
DA:35,0
DA:39,0
DA:44,0
DA:45,0
DA:48,0
DA:49,0
DA:56,0
DA:61,0
DA:62,0
DA:65,0
DA:66,0
LF:23
LH:0
end_of_record
SF:lib/services/feature_flag/device_traits.dart
DA:12,1
DA:24,1
DA:25,1
DA:26,1
DA:27,1
DA:28,1
DA:29,1
DA:30,1
DA:31,1
DA:32,1
DA:33,1
DA:34,2
LF:12
LH:12
end_of_record
SF:lib/services/feature_flag/remote_flag.dart
DA:5,1
LF:1
LH:1
end_of_record
SF:lib/services/firebase/app_firebase_core.dart
DA:8,0
DA:21,0
DA:22,0
DA:30,0
LF:4
LH:0
end_of_record
SF:lib/services/firebase/firebase_analytics.dart
DA:6,0
DA:8,0
DA:11,0
DA:13,0
DA:14,0
DA:17,0
DA:22,0
DA:27,0
DA:28,0
DA:30,0
DA:35,0
DA:41,0
DA:42,0
LF:13
LH:0
end_of_record
SF:lib/services/firebase/firebase_messaging.dart
DA:15,1
DA:19,3
DA:23,0
DA:25,0
DA:27,0
DA:28,0
DA:30,0
DA:32,0
DA:34,0
DA:38,0
DA:39,0
DA:40,0
DA:41,0
DA:42,0
DA:45,0
DA:48,0
DA:49,0
DA:51,0
DA:53,0
DA:55,0
DA:59,0
DA:60,0
DA:61,0
DA:62,0
DA:63,0
DA:68,0
DA:69,0
DA:72,0
DA:73,0
DA:76,0
DA:77,0
DA:79,0
DA:81,0
DA:82,0
DA:83,0
DA:87,0
DA:91,1
DA:93,1
DA:94,1
DA:95,1
DA:102,1
DA:103,0
DA:108,1
DA:109,0
DA:112,1
DA:117,0
DA:119,0
DA:121,0
DA:123,0
DA:125,0
DA:127,0
DA:131,0
DA:132,0
DA:133,0
DA:134,0
DA:135,0
DA:138,0
DA:141,1
DA:144,0
DA:148,1
DA:149,0
DA:151,2
DA:152,1
DA:154,1
DA:157,0
DA:161,1
DA:164,0
DA:168,1
DA:169,0
DA:171,2
DA:172,1
DA:174,1
DA:177,0
LF:73
LH:19
end_of_record
SF:lib/services/flagsmith/flagsmith_feature_flag.dart
DA:15,1
DA:26,1
DA:36,1
DA:37,2
DA:38,1
DA:40,0
DA:44,2
DA:45,1
DA:46,1
DA:47,1
DA:53,1
DA:54,4
DA:55,1
DA:56,1
DA:59,2
DA:62,1
DA:64,1
DA:65,3
DA:66,6
DA:68,6
DA:71,1
DA:73,2
DA:76,1
DA:78,4
DA:80,4
DA:81,4
DA:82,1
LF:27
LH:26
end_of_record
SF:lib/services/flagsmith/shared_preferences_store.dart
DA:7,1
DA:8,1
DA:11,1
DA:12,1
DA:13,1
DA:14,3
DA:16,4
DA:19,1
DA:21,2
DA:24,0
DA:26,0
DA:27,0
DA:30,1
DA:32,1
DA:33,1
DA:34,0
DA:36,3
DA:41,1
DA:43,1
DA:44,1
DA:45,3
DA:47,4
DA:52,0
DA:54,0
DA:55,0
DA:56,0
DA:58,0
DA:63,1
DA:65,1
DA:66,1
DA:67,2
DA:68,3
DA:69,2
DA:70,1
DA:72,1
DA:78,1
DA:80,1
DA:81,1
DA:82,3
DA:83,2
DA:84,3
DA:91,1
DA:93,1
DA:94,1
DA:95,0
DA:97,3
LF:46
LH:36
end_of_record
SF:lib/services/local_notifications/local_push_notifications.dart
DA:10,0
DA:12,0
DA:27,0
DA:28,0
DA:33,0
DA:34,0
DA:35,0
DA:36,0
DA:37,0
DA:38,0
DA:39,0
DA:42,0
DA:44,0
DA:46,0
DA:47,0
DA:51,0
DA:52,0
DA:57,0
DA:59,0
DA:60,0
DA:62,0
DA:63,0
DA:64,0
DA:65,0
DA:66,0
DA:67,0
DA:70,0
DA:72,0
DA:74,0
DA:75,0
DA:79,0
DA:82,0
DA:90,0
DA:94,0
DA:99,0
DA:103,0
DA:108,0
DA:111,0
DA:125,0
LF:39
LH:0
end_of_record
SF:lib/services/messaging/no_messaging_service.dart
DA:4,0
DA:7,0
DA:12,0
DA:15,0
DA:18,0
LF:5
LH:0
end_of_record
SF:lib/services/notification/actions/open_notifications_click_action.dart
DA:6,1
DA:9,0
DA:11,0
LF:3
LH:1
end_of_record
SF:lib/services/notification/actions/test_push_notification_click_action.dart
DA:4,1
DA:7,0
LF:2
LH:1
end_of_record
SF:lib/services/notification/notification_manager.dart
DA:11,3
DA:13,1
DA:14,1
DA:15,1
DA:16,1
DA:19,4
DA:20,2
DA:24,0
DA:25,0
DA:26,0
DA:27,0
DA:29,0
DA:31,0
DA:33,0
DA:34,0
DA:39,1
DA:40,1
DA:41,1
DA:42,1
DA:44,1
DA:45,1
DA:48,1
DA:49,3
LF:23
LH:15
end_of_record
SF:lib/services/push_notifications.dart/no_push_notifications_service.dart
DA:4,0
DA:7,0
DA:10,0
LF:3
LH:0
end_of_record
SF:lib/services/sentry/sentry_crashlytics.dart
DA:7,0
DA:11,0
DA:13,0
DA:14,0
DA:15,0
DA:16,0
DA:17,0
DA:18,0
DA:19,0
DA:20,0
DA:24,0
DA:27,0
DA:32,0
DA:35,0
DA:40,0
LF:15
LH:0
end_of_record
SF:lib/translations/en_us_translation.dart
DA:4,1
DA:6,1
DA:7,1
LF:3
LH:3
end_of_record
SF:lib/translations/pt_br_translation.dart
DA:4,1
DA:6,1
DA:7,1
LF:3
LH:3
end_of_record
